2017-07-30 11:32:19 | razer                          | INFO     | Initialising Daemon (v1.1.15). Pid: 6919
2017-07-30 11:32:19 | razer.screensaver              | INFO     | Initialising DBus Screensaver Monitor
2017-07-30 11:32:19 | razer                          | DEBUG    | Loaded device specification: RazerAbyssus ---------------------------- (1532:0042)
2017-07-30 11:32:19 | razer                          | DEBUG    | Loaded device specification: RazerAnansi ----------------------------- (1532:010F)
2017-07-30 11:32:19 | razer                          | DEBUG    | Loaded device specification: RazerBlackWidow2012 --------------------- (1532:010D)
2017-07-30 11:32:19 | razer                          | DEBUG    | Loaded device specification: RazerBlackWidow2013 --------------------- (1532:011A)
2017-07-30 11:32:19 | razer                          | DEBUG    | Loaded device specification: RazerBlackWidow2016 --------------------- (1532:0214)
2017-07-30 11:32:19 | razer                          | DEBUG    | Loaded device specification: RazerBlackWidowChroma ------------------- (1532:0203)
2017-07-30 11:32:19 | razer                          | DEBUG    | Loaded device specification: RazerBlackWidowChromaOverwatch ---------- (1532:0211)
2017-07-30 11:32:19 | razer                          | DEBUG    | Loaded device specification: RazerBlackWidowChromaTournamentEdition -- (1532:0209)
2017-07-30 11:32:19 | razer                          | DEBUG    | Loaded device specification: RazerBlackWidowChromaV2 ----------------- (1532:0221)
2017-07-30 11:32:19 | razer                          | DEBUG    | Loaded device specification: RazerBlackWidowClassic ------------------ (1532:011B)
2017-07-30 11:32:19 | razer                          | DEBUG    | Loaded device specification: RazerBlackWidowClassicAlternate --------- (1532:010E)
2017-07-30 11:32:19 | razer                          | DEBUG    | Loaded device specification: RazerBlackWidowXChroma ------------------ (1532:0216)
2017-07-30 11:32:19 | razer                          | DEBUG    | Loaded device specification: RazerBlackWidowXChromaTournamentEdition - (1532:021A)
2017-07-30 11:32:19 | razer                          | DEBUG    | Loaded device specification: RazerBlackWidowXUltimate ---------------- (1532:0217)
2017-07-30 11:32:19 | razer                          | DEBUG    | Loaded device specification: RazerBladeLate2016 ---------------------- (1532:0224)
2017-07-30 11:32:19 | razer                          | DEBUG    | Loaded device specification: RazerBladeProLate2016 ------------------- (1532:0210)
2017-07-30 11:32:19 | razer                          | DEBUG    | Loaded device specification: RazerBladeQHD --------------------------- (1532:020F)
2017-07-30 11:32:19 | razer                          | DEBUG    | Loaded device specification: RazerBladeStealth ----------------------- (1532:0205)
2017-07-30 11:32:19 | razer                          | DEBUG    | Loaded device specification: RazerBladeStealthLate2016 --------------- (1532:0220)
2017-07-30 11:32:19 | razer                          | DEBUG    | Loaded device specification: RazerChromaMugHolder -------------------- (1532:0F07)
2017-07-30 11:32:19 | razer                          | DEBUG    | Loaded device specification: RazerCore ------------------------------- (1532:0215)
2017-07-30 11:32:19 | razer                          | DEBUG    | Loaded device specification: RazerDeathStalkerChroma ----------------- (1532:0204)
2017-07-30 11:32:19 | razer                          | DEBUG    | Loaded device specification: RazerDeathStalkerExpert ----------------- (1532:0202)
2017-07-30 11:32:19 | razer                          | DEBUG    | Loaded device specification: RazerDeathadderChroma ------------------- (1532:0043)
2017-07-30 11:32:19 | razer                          | DEBUG    | Loaded device specification: RazerDeathadderElite -------------------- (1532:005C)
2017-07-30 11:32:19 | razer                          | DEBUG    | Loaded device specification: RazerDiamondbackChroma ------------------ (1532:004C)
2017-07-30 11:32:19 | razer                          | DEBUG    | Loaded device specification: RazerFireFly ---------------------------- (1532:0C00)
2017-07-30 11:32:19 | razer                          | DEBUG    | Loaded device specification: RazerImperator -------------------------- (1532:002F)
2017-07-30 11:32:19 | razer                          | DEBUG    | Loaded device specification: RazerKraken ----------------------------- (1532:0504)
2017-07-30 11:32:19 | razer                          | DEBUG    | Loaded device specification: RazerKrakenClassic ---------------------- (1532:0501)
2017-07-30 11:32:19 | razer                          | DEBUG    | Loaded device specification: RazerKrakenV2 --------------------------- (1532:0510)
2017-07-30 11:32:19 | razer                          | DEBUG    | Loaded device specification: RazerMamba2012Wired --------------------- (1532:0024)
2017-07-30 11:32:19 | razer                          | DEBUG    | Loaded device specification: RazerMamba2012Wireless ------------------ (1532:0025)
2017-07-30 11:32:19 | razer                          | DEBUG    | Loaded device specification: RazerMambaChromaTE ---------------------- (1532:0046)
2017-07-30 11:32:19 | razer                          | DEBUG    | Loaded device specification: RazerMambaChromaWired ------------------- (1532:0044)
2017-07-30 11:32:19 | razer                          | DEBUG    | Loaded device specification: RazerMambaChromaWireless ---------------- (1532:0045)
2017-07-30 11:32:19 | razer                          | DEBUG    | Loaded device specification: RazerNaga2014 --------------------------- (1532:0040)
2017-07-30 11:32:19 | razer                          | DEBUG    | Loaded device specification: RazerNagaHex ---------------------------- (1532:0041)
2017-07-30 11:32:19 | razer                          | DEBUG    | Loaded device specification: RazerNagaHexRed ------------------------- (1532:0036)
2017-07-30 11:32:19 | razer                          | DEBUG    | Loaded device specification: RazerNagaHexV2 -------------------------- (1532:0050)
2017-07-30 11:32:19 | razer                          | DEBUG    | Loaded device specification: RazerNostromo --------------------------- (1532:0111)
2017-07-30 11:32:19 | razer                          | DEBUG    | Loaded device specification: RazerOrbweaver -------------------------- (1532:0113)
2017-07-30 11:32:19 | razer                          | DEBUG    | Loaded device specification: RazerOrbweaverChroma -------------------- (1532:0207)
2017-07-30 11:32:19 | razer                          | DEBUG    | Loaded device specification: RazerOrnata ----------------------------- (1532:021F)
2017-07-30 11:32:19 | razer                          | DEBUG    | Loaded device specification: RazerOrnataChroma ----------------------- (1532:021E)
2017-07-30 11:32:19 | razer                          | DEBUG    | Loaded device specification: RazerOrochi2011 ------------------------- (1532:0013)
2017-07-30 11:32:19 | razer                          | DEBUG    | Loaded device specification: RazerOrochi2013 ------------------------- (1532:0039)
2017-07-30 11:32:19 | razer                          | DEBUG    | Loaded device specification: RazerOrochiWired ------------------------ (1532:0048)
2017-07-30 11:32:19 | razer                          | DEBUG    | Loaded device specification: RazerOuroboros -------------------------- (1532:0032)
2017-07-30 11:32:19 | razer                          | DEBUG    | Loaded device specification: RazerTaipan ----------------------------- (1532:0034)
2017-07-30 11:32:19 | razer                          | DEBUG    | Loaded device specification: RazerTartarus --------------------------- (1532:0201)
2017-07-30 11:32:19 | razer                          | DEBUG    | Loaded device specification: RazerTartarusChroma --------------------- (1532:0208)
2017-07-30 11:32:19 | razer                          | INFO     | Adding razer.devices.getDevices method to DBus
2017-07-30 11:32:19 | razer                          | INFO     | Adding razer.daemon.supportedDevices method to DBus
2017-07-30 11:32:19 | razer                          | INFO     | Adding razer.devices.enableTurnOffOnScreensaver method to DBus
2017-07-30 11:32:19 | razer                          | INFO     | Adding razer.devices.syncEffects method to DBus
2017-07-30 11:32:19 | razer                          | INFO     | Adding razer.devices.syncEffects method to DBus
2017-07-30 11:32:19 | razer                          | INFO     | Adding razer.devices.syncEffects method to DBus
2017-07-30 11:32:19 | razer                          | INFO     | Adding razer.daemon.version method to DBus
2017-07-30 11:32:19 | razer                          | INFO     | Adding razer.daemon.stop method to DBus
2017-07-30 11:32:19 | razer                          | INFO     | Serving DBus
2017-07-30 12:27:21 | razer                          | DEBUG    | Device event [remove]: /devices/pci0000:00/0000:00:14.0/usb2/2-3/2-3:1.0/0003:1050:0407.0045
2017-07-30 12:27:21 | razer                          | DEBUG    | Device event [add]: /devices/pci0000:00/0000:00:14.0/usb2/2-3/2-3:1.0/0003:1050:0407.0046
2017-07-30 12:51:29 | razer                          | DEBUG    | Device event [remove]: /devices/pci0000:00/0000:00:14.0/usb2/2-3/2-3:1.0/0003:1050:0407.0046
2017-07-30 12:51:29 | razer                          | DEBUG    | Device event [remove]: /devices/pci0000:00/0000:00:14.0/usb2/2-3/2-3:1.1/0003:1050:0407.0043
2017-07-30 13:15:17 | razer                          | DEBUG    | Device event [add]: /devices/pci0000:00/0000:00:14.0/usb2/2-3/2-3:1.1/0003:1050:0407.0048
2017-07-30 13:15:17 | razer                          | DEBUG    | Device event [add]: /devices/pci0000:00/0000:00:14.0/usb2/2-3/2-3:1.0/0003:1050:0407.0047
2017-07-30 13:15:18 | razer                          | DEBUG    | Device event [remove]: /devices/pci0000:00/0000:00:14.0/usb2/2-3/2-3:1.0/0003:1050:0407.0047
2017-07-30 13:15:18 | razer                          | DEBUG    | Device event [add]: /devices/pci0000:00/0000:00:14.0/usb2/2-3/2-3:1.0/0003:1050:0407.0049
2017-07-30 16:09:45 | razer                          | DEBUG    | Device event [remove]: /devices/pci0000:00/0000:00:14.0/usb2/2-3/2-3:1.0/0003:1050:0407.0049
2017-07-30 16:09:45 | razer                          | DEBUG    | Device event [remove]: /devices/pci0000:00/0000:00:14.0/usb2/2-3/2-3:1.1/0003:1050:0407.0048
2017-07-30 19:08:52 | razer                          | DEBUG    | Device event [add]: /devices/pci0000:00/0000:00:14.0/usb2/2-3/2-3:1.1/0003:1050:0407.004B
2017-07-30 19:08:52 | razer                          | DEBUG    | Device event [add]: /devices/pci0000:00/0000:00:14.0/usb2/2-3/2-3:1.0/0003:1050:0407.004A
2017-07-30 19:08:54 | razer                          | DEBUG    | Device event [remove]: /devices/pci0000:00/0000:00:14.0/usb2/2-3/2-3:1.0/0003:1050:0407.004A
2017-07-30 19:08:54 | razer                          | DEBUG    | Device event [add]: /devices/pci0000:00/0000:00:14.0/usb2/2-3/2-3:1.0/0003:1050:0407.004C
2017-07-30 19:50:15 | razer                          | INFO     | Initialising Daemon (v1.1.15). Pid: 21987
2017-07-30 19:50:15 | razer.screensaver              | INFO     | Initialising DBus Screensaver Monitor
2017-07-30 19:50:15 | razer                          | DEBUG    | Loaded device specification: RazerAbyssus ---------------------------- (1532:0042)
2017-07-30 19:50:15 | razer                          | DEBUG    | Loaded device specification: RazerAnansi ----------------------------- (1532:010F)
2017-07-30 19:50:15 | razer                          | DEBUG    | Loaded device specification: RazerBlackWidow2012 --------------------- (1532:010D)
2017-07-30 19:50:15 | razer                          | DEBUG    | Loaded device specification: RazerBlackWidow2013 --------------------- (1532:011A)
2017-07-30 19:50:15 | razer                          | DEBUG    | Loaded device specification: RazerBlackWidow2016 --------------------- (1532:0214)
2017-07-30 19:50:15 | razer                          | DEBUG    | Loaded device specification: RazerBlackWidowChroma ------------------- (1532:0203)
2017-07-30 19:50:15 | razer                          | DEBUG    | Loaded device specification: RazerBlackWidowChromaOverwatch ---------- (1532:0211)
2017-07-30 19:50:15 | razer                          | DEBUG    | Loaded device specification: RazerBlackWidowChromaTournamentEdition -- (1532:0209)
2017-07-30 19:50:15 | razer                          | DEBUG    | Loaded device specification: RazerBlackWidowChromaV2 ----------------- (1532:0221)
2017-07-30 19:50:15 | razer                          | DEBUG    | Loaded device specification: RazerBlackWidowClassic ------------------ (1532:011B)
2017-07-30 19:50:15 | razer                          | DEBUG    | Loaded device specification: RazerBlackWidowClassicAlternate --------- (1532:010E)
2017-07-30 19:50:15 | razer                          | DEBUG    | Loaded device specification: RazerBlackWidowXChroma ------------------ (1532:0216)
2017-07-30 19:50:15 | razer                          | DEBUG    | Loaded device specification: RazerBlackWidowXChromaTournamentEdition - (1532:021A)
2017-07-30 19:50:15 | razer                          | DEBUG    | Loaded device specification: RazerBlackWidowXUltimate ---------------- (1532:0217)
2017-07-30 19:50:15 | razer                          | DEBUG    | Loaded device specification: RazerBladeLate2016 ---------------------- (1532:0224)
2017-07-30 19:50:15 | razer                          | DEBUG    | Loaded device specification: RazerBladeProLate2016 ------------------- (1532:0210)
2017-07-30 19:50:15 | razer                          | DEBUG    | Loaded device specification: RazerBladeQHD --------------------------- (1532:020F)
2017-07-30 19:50:15 | razer                          | DEBUG    | Loaded device specification: RazerBladeStealth ----------------------- (1532:0205)
2017-07-30 19:50:15 | razer                          | DEBUG    | Loaded device specification: RazerBladeStealthLate2016 --------------- (1532:0220)
2017-07-30 19:50:15 | razer                          | DEBUG    | Loaded device specification: RazerChromaMugHolder -------------------- (1532:0F07)
2017-07-30 19:50:15 | razer                          | DEBUG    | Loaded device specification: RazerCore ------------------------------- (1532:0215)
2017-07-30 19:50:15 | razer                          | DEBUG    | Loaded device specification: RazerDeathStalkerChroma ----------------- (1532:0204)
2017-07-30 19:50:15 | razer                          | DEBUG    | Loaded device specification: RazerDeathStalkerExpert ----------------- (1532:0202)
2017-07-30 19:50:15 | razer                          | DEBUG    | Loaded device specification: RazerDeathadderChroma ------------------- (1532:0043)
2017-07-30 19:50:15 | razer                          | DEBUG    | Loaded device specification: RazerDeathadderElite -------------------- (1532:005C)
2017-07-30 19:50:15 | razer                          | DEBUG    | Loaded device specification: RazerDiamondbackChroma ------------------ (1532:004C)
2017-07-30 19:50:15 | razer                          | DEBUG    | Loaded device specification: RazerFireFly ---------------------------- (1532:0C00)
2017-07-30 19:50:15 | razer                          | DEBUG    | Loaded device specification: RazerImperator -------------------------- (1532:002F)
2017-07-30 19:50:15 | razer                          | DEBUG    | Loaded device specification: RazerKraken ----------------------------- (1532:0504)
2017-07-30 19:50:15 | razer                          | DEBUG    | Loaded device specification: RazerKrakenClassic ---------------------- (1532:0501)
2017-07-30 19:50:15 | razer                          | DEBUG    | Loaded device specification: RazerKrakenV2 --------------------------- (1532:0510)
2017-07-30 19:50:15 | razer                          | DEBUG    | Loaded device specification: RazerMamba2012Wired --------------------- (1532:0024)
2017-07-30 19:50:15 | razer                          | DEBUG    | Loaded device specification: RazerMamba2012Wireless ------------------ (1532:0025)
2017-07-30 19:50:15 | razer                          | DEBUG    | Loaded device specification: RazerMambaChromaTE ---------------------- (1532:0046)
2017-07-30 19:50:15 | razer                          | DEBUG    | Loaded device specification: RazerMambaChromaWired ------------------- (1532:0044)
2017-07-30 19:50:15 | razer                          | DEBUG    | Loaded device specification: RazerMambaChromaWireless ---------------- (1532:0045)
2017-07-30 19:50:15 | razer                          | DEBUG    | Loaded device specification: RazerNaga2014 --------------------------- (1532:0040)
2017-07-30 19:50:15 | razer                          | DEBUG    | Loaded device specification: RazerNagaHex ---------------------------- (1532:0041)
2017-07-30 19:50:15 | razer                          | DEBUG    | Loaded device specification: RazerNagaHexRed ------------------------- (1532:0036)
2017-07-30 19:50:15 | razer                          | DEBUG    | Loaded device specification: RazerNagaHexV2 -------------------------- (1532:0050)
2017-07-30 19:50:15 | razer                          | DEBUG    | Loaded device specification: RazerNostromo --------------------------- (1532:0111)
2017-07-30 19:50:15 | razer                          | DEBUG    | Loaded device specification: RazerOrbweaver -------------------------- (1532:0113)
2017-07-30 19:50:15 | razer                          | DEBUG    | Loaded device specification: RazerOrbweaverChroma -------------------- (1532:0207)
2017-07-30 19:50:15 | razer                          | DEBUG    | Loaded device specification: RazerOrnata ----------------------------- (1532:021F)
2017-07-30 19:50:15 | razer                          | DEBUG    | Loaded device specification: RazerOrnataChroma ----------------------- (1532:021E)
2017-07-30 19:50:15 | razer                          | DEBUG    | Loaded device specification: RazerOrochi2011 ------------------------- (1532:0013)
2017-07-30 19:50:15 | razer                          | DEBUG    | Loaded device specification: RazerOrochi2013 ------------------------- (1532:0039)
2017-07-30 19:50:15 | razer                          | DEBUG    | Loaded device specification: RazerOrochiWired ------------------------ (1532:0048)
2017-07-30 19:50:15 | razer                          | DEBUG    | Loaded device specification: RazerOuroboros -------------------------- (1532:0032)
2017-07-30 19:50:15 | razer                          | DEBUG    | Loaded device specification: RazerTaipan ----------------------------- (1532:0034)
2017-07-30 19:50:15 | razer                          | DEBUG    | Loaded device specification: RazerTartarus --------------------------- (1532:0201)
2017-07-30 19:50:15 | razer                          | DEBUG    | Loaded device specification: RazerTartarusChroma --------------------- (1532:0208)
2017-07-30 19:50:15 | razer                          | INFO     | Adding razer.devices.getDevices method to DBus
2017-07-30 19:50:15 | razer                          | INFO     | Adding razer.daemon.supportedDevices method to DBus
2017-07-30 19:50:15 | razer                          | INFO     | Adding razer.devices.enableTurnOffOnScreensaver method to DBus
2017-07-30 19:50:15 | razer                          | INFO     | Adding razer.devices.syncEffects method to DBus
2017-07-30 19:50:15 | razer                          | INFO     | Adding razer.devices.syncEffects method to DBus
2017-07-30 19:50:15 | razer                          | INFO     | Adding razer.devices.syncEffects method to DBus
2017-07-30 19:50:15 | razer                          | INFO     | Adding razer.daemon.version method to DBus
2017-07-30 19:50:15 | razer                          | INFO     | Adding razer.daemon.stop method to DBus
2017-07-30 19:50:15 | razer                          | INFO     | Serving DBus
2017-07-30 19:51:35 | razer                          | DEBUG    | Device event [remove]: /devices/pci0000:00/0000:00:14.0/usb2/2-3/2-3:1.1/0003:1050:0407.004B
2017-07-30 19:51:35 | razer                          | DEBUG    | Device event [remove]: /devices/pci0000:00/0000:00:14.0/usb2/2-3/2-3:1.0/0003:1050:0407.004D
2017-07-30 19:51:39 | razer                          | DEBUG    | Device event [add]: /devices/pci0000:00/0000:00:14.0/usb2/2-3/2-3:1.1/0003:1050:0407.004F
2017-07-30 19:51:39 | razer                          | DEBUG    | Device event [add]: /devices/pci0000:00/0000:00:14.0/usb2/2-3/2-3:1.0/0003:1050:0407.004E
2017-07-30 19:51:40 | razer                          | DEBUG    | Device event [remove]: /devices/pci0000:00/0000:00:14.0/usb2/2-3/2-3:1.0/0003:1050:0407.004E
2017-07-30 19:51:40 | razer                          | DEBUG    | Device event [add]: /devices/pci0000:00/0000:00:14.0/usb2/2-3/2-3:1.0/0003:1050:0407.0050
2017-09-02 16:36:47 | razer                          | INFO     | Initialising Daemon (v1.1.16). Pid: 8677
2017-09-02 16:36:47 | razer.screensaver              | INFO     | Initialising DBus Screensaver Monitor
2017-09-02 16:36:47 | razer                          | DEBUG    | Loaded device specification: RazerAbyssus ---------------------------- (1532:0042)
2017-09-02 16:36:47 | razer                          | DEBUG    | Loaded device specification: RazerAbyssusV2 -------------------------- (1532:005B)
2017-09-02 16:36:47 | razer                          | DEBUG    | Loaded device specification: RazerAnansi ----------------------------- (1532:010F)
2017-09-02 16:36:47 | razer                          | DEBUG    | Loaded device specification: RazerBlackWidow2012 --------------------- (1532:010D)
2017-09-02 16:36:47 | razer                          | DEBUG    | Loaded device specification: RazerBlackWidow2013 --------------------- (1532:011A)
2017-09-02 16:36:47 | razer                          | DEBUG    | Loaded device specification: RazerBlackWidow2016 --------------------- (1532:0214)
2017-09-02 16:36:47 | razer                          | DEBUG    | Loaded device specification: RazerBlackWidowChroma ------------------- (1532:0203)
2017-09-02 16:36:47 | razer                          | DEBUG    | Loaded device specification: RazerBlackWidowChromaOverwatch ---------- (1532:0211)
2017-09-02 16:36:47 | razer                          | DEBUG    | Loaded device specification: RazerBlackWidowChromaTournamentEdition -- (1532:0209)
2017-09-02 16:36:47 | razer                          | DEBUG    | Loaded device specification: RazerBlackWidowChromaV2 ----------------- (1532:0221)
2017-09-02 16:36:47 | razer                          | DEBUG    | Loaded device specification: RazerBlackWidowClassic ------------------ (1532:011B)
2017-09-02 16:36:47 | razer                          | DEBUG    | Loaded device specification: RazerBlackWidowClassicAlternate --------- (1532:010E)
2017-09-02 16:36:47 | razer                          | DEBUG    | Loaded device specification: RazerBlackWidowXChroma ------------------ (1532:0216)
2017-09-02 16:36:47 | razer                          | DEBUG    | Loaded device specification: RazerBlackWidowXChromaTournamentEdition - (1532:021A)
2017-09-02 16:36:47 | razer                          | DEBUG    | Loaded device specification: RazerBlackWidowXUltimate ---------------- (1532:0217)
2017-09-02 16:36:47 | razer                          | DEBUG    | Loaded device specification: RazerBladeLate2016 ---------------------- (1532:0224)
2017-09-02 16:36:47 | razer                          | DEBUG    | Loaded device specification: RazerBladeProLate2016 ------------------- (1532:0210)
2017-09-02 16:36:47 | razer                          | DEBUG    | Loaded device specification: RazerBladeQHD --------------------------- (1532:020F)
2017-09-02 16:36:47 | razer                          | DEBUG    | Loaded device specification: RazerBladeStealth ----------------------- (1532:0205)
2017-09-02 16:36:47 | razer                          | DEBUG    | Loaded device specification: RazerBladeStealthLate2016 --------------- (1532:0220)
2017-09-02 16:36:47 | razer                          | DEBUG    | Loaded device specification: RazerBladeStealthMid2017 ---------------- (1532:022D)
2017-09-02 16:36:47 | razer                          | DEBUG    | Loaded device specification: RazerChromaMugHolder -------------------- (1532:0F07)
2017-09-02 16:36:47 | razer                          | DEBUG    | Loaded device specification: RazerCore ------------------------------- (1532:0215)
2017-09-02 16:36:47 | razer                          | DEBUG    | Loaded device specification: RazerDeathStalkerChroma ----------------- (1532:0204)
2017-09-02 16:36:47 | razer                          | DEBUG    | Loaded device specification: RazerDeathStalkerExpert ----------------- (1532:0202)
2017-09-02 16:36:47 | razer                          | DEBUG    | Loaded device specification: RazerDeathadderChroma ------------------- (1532:0043)
2017-09-02 16:36:47 | razer                          | DEBUG    | Loaded device specification: RazerDeathadderElite -------------------- (1532:005C)
2017-09-02 16:36:47 | razer                          | DEBUG    | Loaded device specification: RazerDiamondbackChroma ------------------ (1532:004C)
2017-09-02 16:36:47 | razer                          | DEBUG    | Loaded device specification: RazerFireFly ---------------------------- (1532:0C00)
2017-09-02 16:36:47 | razer                          | DEBUG    | Loaded device specification: RazerImperator -------------------------- (1532:002F)
2017-09-02 16:36:47 | razer                          | DEBUG    | Loaded device specification: RazerKraken ----------------------------- (1532:0504)
2017-09-02 16:36:47 | razer                          | DEBUG    | Loaded device specification: RazerKrakenClassic ---------------------- (1532:0501)
2017-09-02 16:36:47 | razer                          | DEBUG    | Loaded device specification: RazerKrakenV2 --------------------------- (1532:0510)
2017-09-02 16:36:47 | razer                          | DEBUG    | Loaded device specification: RazerMamba2012Wired --------------------- (1532:0024)
2017-09-02 16:36:47 | razer                          | DEBUG    | Loaded device specification: RazerMamba2012Wireless ------------------ (1532:0025)
2017-09-02 16:36:47 | razer                          | DEBUG    | Loaded device specification: RazerMambaChromaTE ---------------------- (1532:0046)
2017-09-02 16:36:47 | razer                          | DEBUG    | Loaded device specification: RazerMambaChromaWired ------------------- (1532:0044)
2017-09-02 16:36:47 | razer                          | DEBUG    | Loaded device specification: RazerMambaChromaWireless ---------------- (1532:0045)
2017-09-02 16:36:47 | razer                          | DEBUG    | Loaded device specification: RazerNaga2014 --------------------------- (1532:0040)
2017-09-02 16:36:47 | razer                          | DEBUG    | Loaded device specification: RazerNagaChroma ------------------------- (1532:0053)
2017-09-02 16:36:47 | razer                          | DEBUG    | Loaded device specification: RazerNagaHex ---------------------------- (1532:0041)
2017-09-02 16:36:47 | razer                          | DEBUG    | Loaded device specification: RazerNagaHexRed ------------------------- (1532:0036)
2017-09-02 16:36:47 | razer                          | DEBUG    | Loaded device specification: RazerNagaHexV2 -------------------------- (1532:0050)
2017-09-02 16:36:47 | razer                          | DEBUG    | Loaded device specification: RazerNostromo --------------------------- (1532:0111)
2017-09-02 16:36:47 | razer                          | DEBUG    | Loaded device specification: RazerOrbweaver -------------------------- (1532:0113)
2017-09-02 16:36:47 | razer                          | DEBUG    | Loaded device specification: RazerOrbweaverChroma -------------------- (1532:0207)
2017-09-02 16:36:47 | razer                          | DEBUG    | Loaded device specification: RazerOrnata ----------------------------- (1532:021F)
2017-09-02 16:36:47 | razer                          | DEBUG    | Loaded device specification: RazerOrnataChroma ----------------------- (1532:021E)
2017-09-02 16:36:47 | razer                          | DEBUG    | Loaded device specification: RazerOrochi2011 ------------------------- (1532:0013)
2017-09-02 16:36:47 | razer                          | DEBUG    | Loaded device specification: RazerOrochi2013 ------------------------- (1532:0039)
2017-09-02 16:36:47 | razer                          | DEBUG    | Loaded device specification: RazerOrochiWired ------------------------ (1532:0048)
2017-09-02 16:36:47 | razer                          | DEBUG    | Loaded device specification: RazerOuroboros -------------------------- (1532:0032)
2017-09-02 16:36:47 | razer                          | DEBUG    | Loaded device specification: RazerTaipan ----------------------------- (1532:0034)
2017-09-02 16:36:47 | razer                          | DEBUG    | Loaded device specification: RazerTartarus --------------------------- (1532:0201)
2017-09-02 16:36:47 | razer                          | DEBUG    | Loaded device specification: RazerTartarusChroma --------------------- (1532:0208)
2017-09-02 16:36:47 | razer                          | INFO     | Adding razer.devices.getDevices method to DBus
2017-09-02 16:36:47 | razer                          | INFO     | Adding razer.daemon.supportedDevices method to DBus
2017-09-02 16:36:47 | razer                          | INFO     | Adding razer.devices.enableTurnOffOnScreensaver method to DBus
2017-09-02 16:36:47 | razer                          | INFO     | Adding razer.devices.syncEffects method to DBus
2017-09-02 16:36:47 | razer                          | INFO     | Adding razer.devices.syncEffects method to DBus
2017-09-02 16:36:47 | razer                          | INFO     | Adding razer.devices.syncEffects method to DBus
2017-09-02 16:36:47 | razer                          | INFO     | Adding razer.daemon.version method to DBus
2017-09-02 16:36:47 | razer                          | INFO     | Adding razer.daemon.stop method to DBus
2017-09-02 16:36:47 | razer                          | INFO     | Serving DBus
2017-09-02 17:20:03 | razer                          | DEBUG    | Device event [remove]: /devices/pci0000:00/0000:00:14.0/usb1/1-2/1-2:1.0/0003:1050:0407.0020
2017-09-02 17:20:03 | razer                          | DEBUG    | Device event [add]: /devices/pci0000:00/0000:00:14.0/usb1/1-2/1-2:1.0/0003:1050:0407.0021
2017-09-02 17:50:15 | razer                          | DEBUG    | Device event [remove]: /devices/pci0000:00/0000:00:14.0/usb1/1-2/1-2:1.0/0003:1050:0407.0021
2017-09-02 17:50:16 | razer                          | DEBUG    | Device event [add]: /devices/pci0000:00/0000:00:14.0/usb1/1-2/1-2:1.0/0003:1050:0407.0022
2017-09-02 18:35:56 | razer                          | DEBUG    | Device event [remove]: /devices/pci0000:00/0000:00:14.0/usb1/1-2/1-2:1.0/0003:1050:0407.0022
2017-09-02 18:35:57 | razer                          | DEBUG    | Device event [add]: /devices/pci0000:00/0000:00:14.0/usb1/1-2/1-2:1.0/0003:1050:0407.0023
2017-09-02 18:44:46 | razer                          | DEBUG    | Device event [remove]: /devices/pci0000:00/0000:00:14.0/usb1/1-2/1-2:1.0/0003:1050:0407.0023
2017-09-02 18:44:46 | razer                          | DEBUG    | Device event [add]: /devices/pci0000:00/0000:00:14.0/usb1/1-2/1-2:1.0/0003:1050:0407.0024
2017-09-02 19:18:53 | razer                          | DEBUG    | Device event [remove]: /devices/pci0000:00/0000:00:14.0/usb1/1-2/1-2:1.0/0003:1050:0407.0024
2017-09-02 19:18:53 | razer                          | DEBUG    | Device event [add]: /devices/pci0000:00/0000:00:14.0/usb1/1-2/1-2:1.0/0003:1050:0407.0025
2017-09-02 19:19:17 | razer                          | DEBUG    | Device event [remove]: /devices/pci0000:00/0000:00:14.0/usb1/1-2/1-2:1.0/0003:1050:0407.0025
2017-09-02 19:19:17 | razer                          | DEBUG    | Device event [add]: /devices/pci0000:00/0000:00:14.0/usb1/1-2/1-2:1.0/0003:1050:0407.0026
2017-09-02 19:32:04 | razer                          | DEBUG    | Device event [remove]: /devices/pci0000:00/0000:00:14.0/usb1/1-2/1-2:1.0/0003:1050:0407.0026
2017-09-02 19:32:04 | razer                          | DEBUG    | Device event [add]: /devices/pci0000:00/0000:00:14.0/usb1/1-2/1-2:1.0/0003:1050:0407.0027
2017-09-02 19:57:42 | razer                          | DEBUG    | Device event [remove]: /devices/pci0000:00/0000:00:14.0/usb1/1-2/1-2:1.0/0003:1050:0407.0027
2017-09-02 19:57:42 | razer                          | DEBUG    | Device event [add]: /devices/pci0000:00/0000:00:14.0/usb1/1-2/1-2:1.0/0003:1050:0407.0028
2017-09-02 20:13:52 | razer                          | DEBUG    | Device event [remove]: /devices/pci0000:00/0000:00:14.0/usb1/1-2/1-2:1.0/0003:1050:0407.0028
2017-09-02 20:13:52 | razer                          | DEBUG    | Device event [add]: /devices/pci0000:00/0000:00:14.0/usb1/1-2/1-2:1.0/0003:1050:0407.0029
2017-09-02 20:23:03 | razer                          | DEBUG    | Device event [remove]: /devices/pci0000:00/0000:00:14.0/usb1/1-2/1-2:1.0/0003:1050:0407.0029
2017-09-02 20:23:03 | razer                          | DEBUG    | Device event [add]: /devices/pci0000:00/0000:00:14.0/usb1/1-2/1-2:1.0/0003:1050:0407.002A
2017-09-02 20:43:08 | razer                          | DEBUG    | Device event [remove]: /devices/pci0000:00/0000:00:14.0/usb1/1-2/1-2:1.0/0003:1050:0407.002A
2017-09-02 20:43:08 | razer                          | DEBUG    | Device event [add]: /devices/pci0000:00/0000:00:14.0/usb1/1-2/1-2:1.0/0003:1050:0407.002B
2017-09-02 20:53:14 | razer                          | DEBUG    | Device event [remove]: /devices/pci0000:00/0000:00:14.0/usb1/1-2/1-2:1.0/0003:1050:0407.002B
2017-09-02 20:53:14 | razer                          | DEBUG    | Device event [add]: /devices/pci0000:00/0000:00:14.0/usb1/1-2/1-2:1.0/0003:1050:0407.002C
2017-09-02 21:25:57 | razer                          | DEBUG    | Device event [remove]: /devices/pci0000:00/0000:00:14.0/usb1/1-2/1-2:1.0/0003:1050:0407.002C
2017-09-02 21:25:57 | razer                          | DEBUG    | Device event [add]: /devices/pci0000:00/0000:00:14.0/usb1/1-2/1-2:1.0/0003:1050:0407.002D
2017-09-02 22:06:20 | razer                          | DEBUG    | Device event [remove]: /devices/pci0000:00/0000:00:14.0/usb1/1-2/1-2:1.0/0003:1050:0407.002D
2017-09-02 22:06:20 | razer                          | DEBUG    | Device event [add]: /devices/pci0000:00/0000:00:14.0/usb1/1-2/1-2:1.0/0003:1050:0407.002E
2017-09-02 22:30:56 | razer                          | DEBUG    | Device event [remove]: /devices/pci0000:00/0000:00:14.0/usb1/1-2/1-2:1.0/0003:1050:0407.002E
2017-09-02 22:30:56 | razer                          | DEBUG    | Device event [remove]: /devices/pci0000:00/0000:00:14.0/usb1/1-2/1-2:1.1/0003:1050:0407.001E
2017-09-02 22:34:50 | razer                          | DEBUG    | Device event [add]: /devices/pci0000:00/0000:00:14.0/usb1/1-2/1-2:1.0/0003:1050:0407.002F
2017-09-02 22:34:50 | razer                          | DEBUG    | Device event [add]: /devices/pci0000:00/0000:00:14.0/usb1/1-2/1-2:1.1/0003:1050:0407.0030
2017-09-02 22:34:52 | razer                          | DEBUG    | Device event [remove]: /devices/pci0000:00/0000:00:14.0/usb1/1-2/1-2:1.0/0003:1050:0407.002F
2017-09-02 22:34:52 | razer                          | DEBUG    | Device event [add]: /devices/pci0000:00/0000:00:14.0/usb1/1-2/1-2:1.0/0003:1050:0407.0031
2017-09-02 23:18:51 | razer                          | DEBUG    | Device event [remove]: /devices/pci0000:00/0000:00:14.0/usb1/1-2/1-2:1.0/0003:1050:0407.0031
2017-09-02 23:18:51 | razer                          | DEBUG    | Device event [remove]: /devices/pci0000:00/0000:00:14.0/usb1/1-2/1-2:1.1/0003:1050:0407.0030
2017-09-03 07:02:29 | razer                          | DEBUG    | Device event [add]: /devices/pci0000:00/0000:00:14.0/usb1/1-2/1-2:1.0/0003:1050:0407.0032
2017-09-03 07:02:29 | razer                          | DEBUG    | Device event [add]: /devices/pci0000:00/0000:00:14.0/usb1/1-2/1-2:1.1/0003:1050:0407.0033
2017-09-03 07:02:30 | razer                          | DEBUG    | Device event [remove]: /devices/pci0000:00/0000:00:14.0/usb1/1-2/1-2:1.0/0003:1050:0407.0032
2017-09-03 07:02:30 | razer                          | DEBUG    | Device event [add]: /devices/pci0000:00/0000:00:14.0/usb1/1-2/1-2:1.0/0003:1050:0407.0034
2017-09-03 09:10:03 | razer                          | DEBUG    | Device event [remove]: /devices/pci0000:00/0000:00:14.0/usb1/1-2/1-2:1.0/0003:1050:0407.0034
2017-09-03 09:10:03 | razer                          | DEBUG    | Device event [remove]: /devices/pci0000:00/0000:00:14.0/usb1/1-2/1-2:1.1/0003:1050:0407.0033
2017-09-03 11:18:17 | razer                          | DEBUG    | Device event [add]: /devices/pci0000:00/0000:00:14.0/usb1/1-2/1-2:1.0/0003:1050:0407.0035
2017-09-03 11:18:17 | razer                          | DEBUG    | Device event [add]: /devices/pci0000:00/0000:00:14.0/usb1/1-2/1-2:1.1/0003:1050:0407.0036
2017-09-03 11:18:20 | razer                          | DEBUG    | Device event [remove]: /devices/pci0000:00/0000:00:14.0/usb1/1-2/1-2:1.0/0003:1050:0407.0035
2017-09-03 11:18:20 | razer                          | DEBUG    | Device event [add]: /devices/pci0000:00/0000:00:14.0/usb1/1-2/1-2:1.0/0003:1050:0407.0037
2017-09-03 11:18:39 | razer                          | DEBUG    | Device event [remove]: /devices/pci0000:00/0000:00:14.0/usb1/1-2/1-2:1.0/0003:1050:0407.0037
2017-09-03 11:18:39 | razer                          | DEBUG    | Device event [add]: /devices/pci0000:00/0000:00:14.0/usb1/1-2/1-2:1.0/0003:1050:0407.0038
2017-09-03 11:49:22 | razer                          | DEBUG    | Device event [remove]: /devices/pci0000:00/0000:00:14.0/usb1/1-2/1-2:1.0/0003:1050:0407.0038
2017-09-03 11:49:22 | razer                          | DEBUG    | Device event [remove]: /devices/pci0000:00/0000:00:14.0/usb1/1-2/1-2:1.1/0003:1050:0407.0036
2017-09-03 11:52:50 | razer                          | DEBUG    | Device event [add]: /devices/pci0000:00/0000:00:14.0/usb1/1-2/1-2:1.0/0003:1050:0407.0039
2017-09-03 11:52:50 | razer                          | DEBUG    | Device event [add]: /devices/pci0000:00/0000:00:14.0/usb1/1-2/1-2:1.1/0003:1050:0407.003A
2017-09-03 11:52:50 | razer                          | DEBUG    | Device event [remove]: /devices/pci0000:00/0000:00:14.0/usb1/1-2/1-2:1.0/0003:1050:0407.0039
2017-09-03 11:52:51 | razer                          | DEBUG    | Device event [add]: /devices/pci0000:00/0000:00:14.0/usb1/1-2/1-2:1.0/0003:1050:0407.003B
2017-09-03 12:35:52 | razer                          | DEBUG    | Device event [add]: /devices/pci0000:00/0000:00:14.0/usb1/1-1/1-1:1.1/0003:1532:0048.003D
2017-09-03 12:35:52 | razer                          | DEBUG    | Device event [add]: /devices/pci0000:00/0000:00:14.0/usb1/1-1/1-1:1.0/0003:1532:0048.003C
2017-09-03 12:35:52 | razer                          | INFO     | Found valid device.0: 0003:1532:0048.003C
2017-09-03 12:35:52 | razer.device0                  | INFO     | Initialising device.0 RazerOrochiWired
2017-09-03 12:35:52 | razer.device0                  | DEBUG    | Adding getSerial method to DBus
2017-09-03 12:35:52 | razer.device0                  | DEBUG    | Adding razer.device.misc.suspendDevice method to DBus
2017-09-03 12:35:52 | razer.device0                  | DEBUG    | Adding razer.device.misc.getDeviceMode method to DBus
2017-09-03 12:35:52 | razer.device0                  | DEBUG    | Adding razer.device.misc.getRazerUrls method to DBus
2017-09-03 12:35:52 | razer.device0                  | DEBUG    | Adding razer.device.misc.setDeviceMode method to DBus
2017-09-03 12:35:52 | razer.device0                  | DEBUG    | Adding razer.device.misc.resumeDevice method to DBus
2017-09-03 12:35:52 | razer.device0                  | DEBUG    | Adding razer.device.misc.getVidPid method to DBus
2017-09-03 12:35:52 | razer.device0                  | DEBUG    | Adding razer.device.misc.version method to DBus
2017-09-03 12:35:52 | razer.device0                  | DEBUG    | Adding razer.device.misc.hasDedicatedMacroKeys method to DBus
2017-09-03 12:35:52 | razer.device0                  | DEBUG    | Adding razer.device.misc.getFirmware method to DBus
2017-09-03 12:35:52 | razer.device0                  | DEBUG    | Adding razer.device.misc.getMatrixDimensions method to DBus
2017-09-03 12:35:52 | razer.device0                  | DEBUG    | Adding razer.device.misc.hasMatrix method to DBus
2017-09-03 12:35:52 | razer.device0                  | DEBUG    | Adding razer.device.misc.getDeviceName method to DBus
2017-09-03 12:35:52 | razer.device0                  | DEBUG    | Adding razer.device.misc.getDeviceType method to DBus
2017-09-03 12:35:52 | razer.device0                  | DEBUG    | Adding razer.device.lighting.brightness.getBrightness method to DBus
2017-09-03 12:35:52 | razer.device0                  | DEBUG    | Adding razer.device.lighting.brightness.setBrightness method to DBus
2017-09-03 12:35:52 | razer.device0                  | DEBUG    | Adding razer.device.lighting.chroma.setStatic method to DBus
2017-09-03 12:35:52 | razer.device0                  | DEBUG    | Adding razer.device.lighting.chroma.setSpectrum method to DBus
2017-09-03 12:35:52 | razer.device0                  | DEBUG    | Adding razer.device.lighting.chroma.setReactive method to DBus
2017-09-03 12:35:52 | razer.device0                  | DEBUG    | Adding razer.device.lighting.chroma.setNone method to DBus
2017-09-03 12:35:52 | razer.device0                  | DEBUG    | Adding razer.device.lighting.chroma.setBreathRandom method to DBus
2017-09-03 12:35:52 | razer.device0                  | DEBUG    | Adding razer.device.lighting.chroma.setBreathSingle method to DBus
2017-09-03 12:35:52 | razer.device0                  | DEBUG    | Adding razer.device.lighting.chroma.setBreathDual method to DBus
2017-09-03 12:35:52 | razer.device0                  | DEBUG    | Adding razer.device.power.setIdleTime method to DBus
2017-09-03 12:35:52 | razer.device0                  | DEBUG    | Adding razer.device.power.setLowBatteryThreshold method to DBus
2017-09-03 12:35:52 | razer.device0                  | DEBUG    | Adding razer.device.dpi.maxDPI method to DBus
2017-09-03 12:35:52 | razer.device0                  | DEBUG    | Adding razer.device.dpi.getDPI method to DBus
2017-09-03 12:35:52 | razer.device0                  | DEBUG    | Adding razer.device.dpi.setDPI method to DBus
2017-09-03 12:35:52 | razer.device0                  | DEBUG    | Adding razer.device.lighting.scroll.setScrollActive method to DBus
2017-09-03 12:35:52 | razer.device0                  | DEBUG    | Adding razer.device.lighting.scroll.getScrollActive method to DBus
2017-09-03 12:35:52 | razer                          | DEBUG    | Emitted Device Added Signal
2017-09-03 13:03:01 | razer                          | DEBUG    | Device event [remove]: /devices/pci0000:00/0000:00:14.0/usb1/1-2/1-2:1.0/0003:1050:0407.003B
2017-09-03 13:03:01 | razer                          | DEBUG    | Device event [add]: /devices/pci0000:00/0000:00:14.0/usb1/1-2/1-2:1.0/0003:1050:0407.003E
2017-09-03 14:13:57 | razer                          | DEBUG    | Device event [remove]: /devices/pci0000:00/0000:00:14.0/usb1/1-2/1-2:1.0/0003:1050:0407.003E
2017-09-03 14:13:57 | razer                          | DEBUG    | Device event [add]: /devices/pci0000:00/0000:00:14.0/usb1/1-2/1-2:1.0/0003:1050:0407.003F
2017-09-03 14:23:30 | razer                          | DEBUG    | Device event [remove]: /devices/pci0000:00/0000:00:14.0/usb1/1-2/1-2:1.0/0003:1050:0407.003F
2017-09-03 14:23:30 | razer                          | DEBUG    | Device event [add]: /devices/pci0000:00/0000:00:14.0/usb1/1-2/1-2:1.0/0003:1050:0407.0040
2017-09-03 15:04:47 | razer                          | DEBUG    | Device event [remove]: /devices/pci0000:00/0000:00:14.0/usb1/1-2/1-2:1.0/0003:1050:0407.0040
2017-09-03 15:04:47 | razer                          | DEBUG    | Device event [add]: /devices/pci0000:00/0000:00:14.0/usb1/1-2/1-2:1.0/0003:1050:0407.0041
2017-09-03 15:09:55 | razer                          | DEBUG    | Device event [remove]: /devices/pci0000:00/0000:00:14.0/usb1/1-2/1-2:1.0/0003:1050:0407.0041
2017-09-03 15:09:55 | razer                          | DEBUG    | Device event [add]: /devices/pci0000:00/0000:00:14.0/usb1/1-2/1-2:1.0/0003:1050:0407.0042
2017-09-03 15:17:56 | razer                          | DEBUG    | Device event [remove]: /devices/pci0000:00/0000:00:14.0/usb1/1-2/1-2:1.0/0003:1050:0407.0042
2017-09-03 15:17:56 | razer                          | DEBUG    | Device event [add]: /devices/pci0000:00/0000:00:14.0/usb1/1-2/1-2:1.0/0003:1050:0407.0043
2017-09-03 15:23:28 | razer                          | DEBUG    | Device event [remove]: /devices/pci0000:00/0000:00:14.0/usb1/1-2/1-2:1.0/0003:1050:0407.0043
2017-09-03 15:23:28 | razer                          | DEBUG    | Device event [add]: /devices/pci0000:00/0000:00:14.0/usb1/1-2/1-2:1.0/0003:1050:0407.0044
2017-09-03 15:41:28 | razer                          | DEBUG    | Device event [remove]: /devices/pci0000:00/0000:00:14.0/usb1/1-2/1-2:1.0/0003:1050:0407.0044
2017-09-03 15:41:28 | razer                          | DEBUG    | Device event [add]: /devices/pci0000:00/0000:00:14.0/usb1/1-2/1-2:1.0/0003:1050:0407.0045
2017-09-03 16:42:08 | razer                          | DEBUG    | Device event [remove]: /devices/pci0000:00/0000:00:14.0/usb1/1-2/1-2:1.0/0003:1050:0407.0045
2017-09-03 16:42:08 | razer                          | DEBUG    | Device event [add]: /devices/pci0000:00/0000:00:14.0/usb1/1-2/1-2:1.0/0003:1050:0407.0046
2017-09-03 16:44:21 | razer                          | DEBUG    | Device event [remove]: /devices/pci0000:00/0000:00:14.0/usb1/1-1/1-1:1.0/0003:1532:0048.003C
2017-09-03 16:44:21 | razer                          | WARNING  | Removing 0003:1532:0048.003C
2017-09-03 16:44:21 | razer                          | DEBUG    | Emitted Device Remove Signal
2017-09-03 16:44:21 | razer                          | DEBUG    | Device event [remove]: /devices/pci0000:00/0000:00:14.0/usb1/1-1/1-1:1.1/0003:1532:0048.003D
2017-09-03 16:45:43 | razer                          | DEBUG    | Device event [remove]: /devices/pci0000:00/0000:00:14.0/usb1/1-2/1-2:1.0/0003:1050:0407.0046
2017-09-03 16:45:43 | razer                          | DEBUG    | Device event [remove]: /devices/pci0000:00/0000:00:14.0/usb1/1-2/1-2:1.1/0003:1050:0407.003A
2017-09-03 18:59:23 | razer                          | DEBUG    | Device event [add]: /devices/pci0000:00/0000:00:14.0/usb1/1-2/1-2:1.0/0003:1050:0407.0047
2017-09-03 18:59:23 | razer                          | DEBUG    | Device event [add]: /devices/pci0000:00/0000:00:14.0/usb1/1-2/1-2:1.1/0003:1050:0407.0048
2017-09-03 18:59:25 | razer                          | DEBUG    | Device event [remove]: /devices/pci0000:00/0000:00:14.0/usb1/1-2/1-2:1.0/0003:1050:0407.0047
2017-09-03 18:59:25 | razer                          | DEBUG    | Device event [add]: /devices/pci0000:00/0000:00:14.0/usb1/1-2/1-2:1.0/0003:1050:0407.0049
2017-09-03 20:34:32 | razer                          | DEBUG    | Device event [remove]: /devices/pci0000:00/0000:00:14.0/usb1/1-2/1-2:1.0/0003:1050:0407.0049
2017-09-03 20:34:32 | razer                          | DEBUG    | Device event [add]: /devices/pci0000:00/0000:00:14.0/usb1/1-2/1-2:1.0/0003:1050:0407.004A
2017-09-03 21:01:42 | razer                          | DEBUG    | Device event [remove]: /devices/pci0000:00/0000:00:14.0/usb1/1-2/1-2:1.0/0003:1050:0407.004A
2017-09-03 21:01:42 | razer                          | DEBUG    | Device event [add]: /devices/pci0000:00/0000:00:14.0/usb1/1-2/1-2:1.0/0003:1050:0407.004B
2017-09-03 21:57:47 | razer                          | DEBUG    | Device event [remove]: /devices/pci0000:00/0000:00:14.0/usb1/1-2/1-2:1.0/0003:1050:0407.004B
2017-09-03 21:57:47 | razer                          | DEBUG    | Device event [add]: /devices/pci0000:00/0000:00:14.0/usb1/1-2/1-2:1.0/0003:1050:0407.004C
2017-09-03 23:31:25 | razer                          | DEBUG    | Device event [remove]: /devices/pci0000:00/0000:00:14.0/usb1/1-2/1-2:1.0/0003:1050:0407.004C
2017-09-03 23:31:25 | razer                          | DEBUG    | Device event [remove]: /devices/pci0000:00/0000:00:14.0/usb1/1-2/1-2:1.1/0003:1050:0407.0048
2017-09-04 07:06:15 | razer                          | DEBUG    | Device event [add]: /devices/pci0000:00/0000:00:14.0/usb1/1-2/1-2:1.0/0003:1050:0407.004D
2017-09-04 07:06:15 | razer                          | DEBUG    | Device event [add]: /devices/pci0000:00/0000:00:14.0/usb1/1-2/1-2:1.1/0003:1050:0407.004E
2017-09-04 07:06:18 | razer                          | DEBUG    | Device event [remove]: /devices/pci0000:00/0000:00:14.0/usb1/1-2/1-2:1.0/0003:1050:0407.004D
2017-09-04 07:06:18 | razer                          | DEBUG    | Device event [add]: /devices/pci0000:00/0000:00:14.0/usb1/1-2/1-2:1.0/0003:1050:0407.004F
2017-09-04 08:20:59 | razer                          | DEBUG    | Device event [remove]: /devices/pci0000:00/0000:00:14.0/usb1/1-2/1-2:1.0/0003:1050:0407.004F
2017-09-04 08:20:59 | razer                          | DEBUG    | Device event [add]: /devices/pci0000:00/0000:00:14.0/usb1/1-2/1-2:1.0/0003:1050:0407.0050
2017-09-04 09:31:59 | razer                          | DEBUG    | Device event [remove]: /devices/pci0000:00/0000:00:14.0/usb1/1-2/1-2:1.0/0003:1050:0407.0050
2017-09-04 09:31:59 | razer                          | DEBUG    | Device event [add]: /devices/pci0000:00/0000:00:14.0/usb1/1-2/1-2:1.0/0003:1050:0407.0051
2017-09-04 09:38:30 | razer                          | DEBUG    | Device event [remove]: /devices/pci0000:00/0000:00:14.0/usb1/1-2/1-2:1.0/0003:1050:0407.0051
2017-09-04 09:38:31 | razer                          | DEBUG    | Device event [add]: /devices/pci0000:00/0000:00:14.0/usb1/1-2/1-2:1.0/0003:1050:0407.0052
2017-09-04 09:58:22 | razer                          | DEBUG    | Device event [remove]: /devices/pci0000:00/0000:00:14.0/usb1/1-2/1-2:1.1/0003:1050:0407.004E
2017-09-04 09:58:22 | razer                          | DEBUG    | Device event [remove]: /devices/pci0000:00/0000:00:14.0/usb1/1-2/1-2:1.0/0003:1050:0407.0052
2017-09-04 20:51:36 | razer                          | DEBUG    | Device event [add]: /devices/pci0000:00/0000:00:14.0/usb1/1-2/1-2:1.0/0003:1050:0407.0053
2017-09-04 20:51:36 | razer                          | DEBUG    | Device event [add]: /devices/pci0000:00/0000:00:14.0/usb1/1-2/1-2:1.1/0003:1050:0407.0054
2017-09-04 20:51:36 | razer                          | DEBUG    | Device event [remove]: /devices/pci0000:00/0000:00:14.0/usb1/1-2/1-2:1.0/0003:1050:0407.0053
2017-09-04 20:51:37 | razer                          | DEBUG    | Device event [add]: /devices/pci0000:00/0000:00:14.0/usb1/1-2/1-2:1.0/0003:1050:0407.0055
2017-09-04 21:43:54 | razer                          | DEBUG    | Device event [remove]: /devices/pci0000:00/0000:00:14.0/usb1/1-2/1-2:1.1/0003:1050:0407.0054
2017-09-04 21:43:54 | razer                          | DEBUG    | Device event [remove]: /devices/pci0000:00/0000:00:14.0/usb1/1-2/1-2:1.0/0003:1050:0407.0055
2017-09-05 10:28:14 | razer                          | DEBUG    | Device event [add]: /devices/pci0000:00/0000:00:14.0/usb1/1-2/1-2:1.0/0003:1050:0407.0056
2017-09-05 10:28:14 | razer                          | DEBUG    | Device event [add]: /devices/pci0000:00/0000:00:14.0/usb1/1-2/1-2:1.1/0003:1050:0407.0057
2017-09-05 10:28:15 | razer                          | DEBUG    | Device event [remove]: /devices/pci0000:00/0000:00:14.0/usb1/1-2/1-2:1.0/0003:1050:0407.0056
2017-09-05 10:28:15 | razer                          | DEBUG    | Device event [add]: /devices/pci0000:00/0000:00:14.0/usb1/1-2/1-2:1.0/0003:1050:0407.0058
2017-09-05 11:03:20 | razer                          | DEBUG    | Device event [remove]: /devices/pci0000:00/0000:00:14.0/usb1/1-2/1-2:1.0/0003:1050:0407.0058
2017-09-05 11:03:20 | razer                          | DEBUG    | Device event [add]: /devices/pci0000:00/0000:00:14.0/usb1/1-2/1-2:1.0/0003:1050:0407.0059
2017-09-05 11:20:19 | razer                          | DEBUG    | Device event [remove]: /devices/pci0000:00/0000:00:14.0/usb1/1-2/1-2:1.0/0003:1050:0407.0059
2017-09-05 11:20:19 | razer                          | DEBUG    | Device event [add]: /devices/pci0000:00/0000:00:14.0/usb1/1-2/1-2:1.0/0003:1050:0407.005A
2017-09-05 11:41:57 | razer                          | DEBUG    | Device event [remove]: /devices/pci0000:00/0000:00:14.0/usb1/1-2/1-2:1.0/0003:1050:0407.005A
2017-09-05 11:41:57 | razer                          | DEBUG    | Device event [add]: /devices/pci0000:00/0000:00:14.0/usb1/1-2/1-2:1.0/0003:1050:0407.005B
2017-09-05 11:42:50 | razer                          | DEBUG    | Device event [remove]: /devices/pci0000:00/0000:00:14.0/usb1/1-2/1-2:1.0/0003:1050:0407.005B
2017-09-05 11:42:50 | razer                          | DEBUG    | Device event [remove]: /devices/pci0000:00/0000:00:14.0/usb1/1-2/1-2:1.1/0003:1050:0407.0057
2017-09-05 18:43:09 | razer                          | DEBUG    | Device event [add]: /devices/pci0000:00/0000:00:14.0/usb1/1-2/1-2:1.0/0003:1050:0407.005C
2017-09-05 18:43:09 | razer                          | DEBUG    | Device event [add]: /devices/pci0000:00/0000:00:14.0/usb1/1-2/1-2:1.1/0003:1050:0407.005D
2017-09-05 18:43:11 | razer                          | DEBUG    | Device event [remove]: /devices/pci0000:00/0000:00:14.0/usb1/1-2/1-2:1.0/0003:1050:0407.005C
2017-09-05 18:43:11 | razer                          | DEBUG    | Device event [add]: /devices/pci0000:00/0000:00:14.0/usb1/1-2/1-2:1.0/0003:1050:0407.005E
2017-09-05 19:16:22 | razer                          | DEBUG    | Device event [remove]: /devices/pci0000:00/0000:00:14.0/usb1/1-2/1-2:1.0/0003:1050:0407.005E
2017-09-05 19:16:23 | razer                          | DEBUG    | Device event [add]: /devices/pci0000:00/0000:00:14.0/usb1/1-2/1-2:1.0/0003:1050:0407.005F
2017-09-05 20:49:49 | razer                          | DEBUG    | Device event [remove]: /devices/pci0000:00/0000:00:14.0/usb1/1-2/1-2:1.0/0003:1050:0407.005F
2017-09-05 20:49:49 | razer                          | DEBUG    | Device event [add]: /devices/pci0000:00/0000:00:14.0/usb1/1-2/1-2:1.0/0003:1050:0407.0060
2017-09-05 22:18:12 | razer                          | DEBUG    | Device event [remove]: /devices/pci0000:00/0000:00:14.0/usb1/1-2/1-2:1.0/0003:1050:0407.0060
2017-09-05 22:18:12 | razer                          | DEBUG    | Device event [add]: /devices/pci0000:00/0000:00:14.0/usb1/1-2/1-2:1.0/0003:1050:0407.0061
2017-09-05 22:29:27 | razer                          | DEBUG    | Device event [remove]: /devices/pci0000:00/0000:00:14.0/usb1/1-2/1-2:1.0/0003:1050:0407.0061
2017-09-05 22:29:27 | razer                          | DEBUG    | Device event [add]: /devices/pci0000:00/0000:00:14.0/usb1/1-2/1-2:1.0/0003:1050:0407.0062
2017-09-05 22:46:53 | razer                          | DEBUG    | Device event [remove]: /devices/pci0000:00/0000:00:14.0/usb1/1-2/1-2:1.0/0003:1050:0407.0062
2017-09-05 22:46:53 | razer                          | DEBUG    | Device event [remove]: /devices/pci0000:00/0000:00:14.0/usb1/1-2/1-2:1.1/0003:1050:0407.005D
2017-09-06 10:14:55 | razer                          | DEBUG    | Device event [add]: /devices/pci0000:00/0000:00:14.0/usb1/1-2/1-2:1.0/0003:1050:0407.0063
2017-09-06 10:14:55 | razer                          | DEBUG    | Device event [add]: /devices/pci0000:00/0000:00:14.0/usb1/1-2/1-2:1.1/0003:1050:0407.0064
2017-09-06 10:14:56 | razer                          | DEBUG    | Device event [remove]: /devices/pci0000:00/0000:00:14.0/usb1/1-2/1-2:1.0/0003:1050:0407.0063
2017-09-06 10:14:56 | razer                          | DEBUG    | Device event [add]: /devices/pci0000:00/0000:00:14.0/usb1/1-2/1-2:1.0/0003:1050:0407.0065
2017-09-06 10:45:56 | razer                          | DEBUG    | Device event [remove]: /devices/pci0000:00/0000:00:14.0/usb1/1-2/1-2:1.0/0003:1050:0407.0065
2017-09-06 10:45:56 | razer                          | DEBUG    | Device event [add]: /devices/pci0000:00/0000:00:14.0/usb1/1-2/1-2:1.0/0003:1050:0407.0066
2017-09-06 12:30:05 | razer                          | DEBUG    | Device event [remove]: /devices/pci0000:00/0000:00:14.0/usb1/1-2/1-2:1.1/0003:1050:0407.0064
2017-09-06 12:30:05 | razer                          | DEBUG    | Device event [remove]: /devices/pci0000:00/0000:00:14.0/usb1/1-2/1-2:1.0/0003:1050:0407.0066
2017-09-06 18:52:15 | razer                          | DEBUG    | Device event [add]: /devices/pci0000:00/0000:00:14.0/usb1/1-2/1-2:1.0/0003:1050:0407.0067
2017-09-06 18:52:15 | razer                          | DEBUG    | Device event [add]: /devices/pci0000:00/0000:00:14.0/usb1/1-2/1-2:1.1/0003:1050:0407.0068
2017-09-06 18:52:15 | razer                          | DEBUG    | Device event [remove]: /devices/pci0000:00/0000:00:14.0/usb1/1-2/1-2:1.0/0003:1050:0407.0067
2017-09-06 18:52:15 | razer                          | DEBUG    | Device event [add]: /devices/pci0000:00/0000:00:14.0/usb1/1-2/1-2:1.0/0003:1050:0407.0069
2017-09-06 18:56:27 | razer                          | DEBUG    | Device event [remove]: /devices/pci0000:00/0000:00:14.0/usb1/1-2/1-2:1.0/0003:1050:0407.0069
2017-09-06 18:56:27 | razer                          | DEBUG    | Device event [add]: /devices/pci0000:00/0000:00:14.0/usb1/1-2/1-2:1.0/0003:1050:0407.006A
2017-09-06 20:49:09 | razer                          | DEBUG    | Device event [remove]: /devices/pci0000:00/0000:00:14.0/usb1/1-2/1-2:1.0/0003:1050:0407.006A
2017-09-06 20:49:09 | razer                          | DEBUG    | Device event [add]: /devices/pci0000:00/0000:00:14.0/usb1/1-2/1-2:1.0/0003:1050:0407.006B
2017-09-06 22:44:23 | razer                          | DEBUG    | Device event [remove]: /devices/pci0000:00/0000:00:14.0/usb1/1-2/1-2:1.0/0003:1050:0407.006B
2017-09-06 22:44:23 | razer                          | DEBUG    | Device event [remove]: /devices/pci0000:00/0000:00:14.0/usb1/1-2/1-2:1.1/0003:1050:0407.0068
2017-09-07 19:14:22 | razer                          | DEBUG    | Device event [add]: /devices/pci0000:00/0000:00:14.0/usb1/1-2/1-2:1.0/0003:1050:0407.006C
2017-09-07 19:14:22 | razer                          | DEBUG    | Device event [add]: /devices/pci0000:00/0000:00:14.0/usb1/1-2/1-2:1.1/0003:1050:0407.006D
2017-09-07 19:14:24 | razer                          | DEBUG    | Device event [remove]: /devices/pci0000:00/0000:00:14.0/usb1/1-2/1-2:1.0/0003:1050:0407.006C
2017-09-07 19:14:24 | razer                          | DEBUG    | Device event [add]: /devices/pci0000:00/0000:00:14.0/usb1/1-2/1-2:1.0/0003:1050:0407.006E
2017-09-07 19:21:17 | razer                          | DEBUG    | Device event [remove]: /devices/pci0000:00/0000:00:14.0/usb1/1-2/1-2:1.0/0003:1050:0407.006E
2017-09-07 19:21:17 | razer                          | DEBUG    | Device event [remove]: /devices/pci0000:00/0000:00:14.0/usb1/1-2/1-2:1.1/0003:1050:0407.006D
2017-09-08 10:57:53 | razer                          | DEBUG    | Device event [add]: /devices/pci0000:00/0000:00:14.0/usb1/1-2/1-2:1.0/0003:1050:0407.006F
2017-09-08 10:57:53 | razer                          | DEBUG    | Device event [add]: /devices/pci0000:00/0000:00:14.0/usb1/1-2/1-2:1.1/0003:1050:0407.0070
2017-09-08 10:57:54 | razer                          | DEBUG    | Device event [remove]: /devices/pci0000:00/0000:00:14.0/usb1/1-2/1-2:1.0/0003:1050:0407.006F
2017-09-08 10:57:54 | razer                          | DEBUG    | Device event [add]: /devices/pci0000:00/0000:00:14.0/usb1/1-2/1-2:1.0/0003:1050:0407.0071
2017-09-08 11:49:49 | razer                          | DEBUG    | Device event [remove]: /devices/pci0000:00/0000:00:14.0/usb1/1-2/1-2:1.1/0003:1050:0407.0070
2017-09-08 11:49:49 | razer                          | DEBUG    | Device event [remove]: /devices/pci0000:00/0000:00:14.0/usb1/1-2/1-2:1.0/0003:1050:0407.0071
2017-09-08 13:23:29 | razer                          | DEBUG    | Device event [add]: /devices/pci0000:00/0000:00:14.0/usb1/1-2/1-2:1.0/0003:1050:0407.0072
2017-09-08 13:23:29 | razer                          | DEBUG    | Device event [add]: /devices/pci0000:00/0000:00:14.0/usb1/1-2/1-2:1.1/0003:1050:0407.0073
2017-09-08 13:23:33 | razer                          | DEBUG    | Device event [remove]: /devices/pci0000:00/0000:00:14.0/usb1/1-2/1-2:1.0/0003:1050:0407.0072
2017-09-08 13:23:33 | razer                          | DEBUG    | Device event [add]: /devices/pci0000:00/0000:00:14.0/usb1/1-2/1-2:1.0/0003:1050:0407.0074
2017-09-08 13:48:24 | razer                          | DEBUG    | Device event [remove]: /devices/pci0000:00/0000:00:14.0/usb1/1-2/1-2:1.0/0003:1050:0407.0074
2017-09-08 13:48:24 | razer                          | DEBUG    | Device event [remove]: /devices/pci0000:00/0000:00:14.0/usb1/1-2/1-2:1.1/0003:1050:0407.0073
2017-09-08 21:57:35 | razer                          | DEBUG    | Device event [add]: /devices/pci0000:00/0000:00:14.0/usb1/1-1/1-1:1.0/0003:1050:0407.0075
2017-09-08 21:57:35 | razer                          | DEBUG    | Device event [add]: /devices/pci0000:00/0000:00:14.0/usb1/1-1/1-1:1.1/0003:1050:0407.0076
2017-09-08 21:57:37 | razer                          | DEBUG    | Device event [remove]: /devices/pci0000:00/0000:00:14.0/usb1/1-1/1-1:1.0/0003:1050:0407.0075
2017-09-08 21:57:37 | razer                          | DEBUG    | Device event [add]: /devices/pci0000:00/0000:00:14.0/usb1/1-1/1-1:1.0/0003:1050:0407.0077
2017-09-11 06:42:29 | razer                          | INFO     | Initialising Daemon (v1.1.16). Pid: 4666
2017-09-11 06:42:29 | razer.screensaver              | INFO     | Initialising DBus Screensaver Monitor
2017-09-11 06:42:29 | razer                          | DEBUG    | Loaded device specification: RazerAbyssus ---------------------------- (1532:0042)
2017-09-11 06:42:29 | razer                          | DEBUG    | Loaded device specification: RazerAbyssusV2 -------------------------- (1532:005B)
2017-09-11 06:42:29 | razer                          | DEBUG    | Loaded device specification: RazerAnansi ----------------------------- (1532:010F)
2017-09-11 06:42:29 | razer                          | DEBUG    | Loaded device specification: RazerBlackWidow2012 --------------------- (1532:010D)
2017-09-11 06:42:29 | razer                          | DEBUG    | Loaded device specification: RazerBlackWidow2013 --------------------- (1532:011A)
2017-09-11 06:42:29 | razer                          | DEBUG    | Loaded device specification: RazerBlackWidow2016 --------------------- (1532:0214)
2017-09-11 06:42:29 | razer                          | DEBUG    | Loaded device specification: RazerBlackWidowChroma ------------------- (1532:0203)
2017-09-11 06:42:29 | razer                          | DEBUG    | Loaded device specification: RazerBlackWidowChromaOverwatch ---------- (1532:0211)
2017-09-11 06:42:29 | razer                          | DEBUG    | Loaded device specification: RazerBlackWidowChromaTournamentEdition -- (1532:0209)
2017-09-11 06:42:29 | razer                          | DEBUG    | Loaded device specification: RazerBlackWidowChromaV2 ----------------- (1532:0221)
2017-09-11 06:42:29 | razer                          | DEBUG    | Loaded device specification: RazerBlackWidowClassic ------------------ (1532:011B)
2017-09-11 06:42:29 | razer                          | DEBUG    | Loaded device specification: RazerBlackWidowClassicAlternate --------- (1532:010E)
2017-09-11 06:42:29 | razer                          | DEBUG    | Loaded device specification: RazerBlackWidowXChroma ------------------ (1532:0216)
2017-09-11 06:42:29 | razer                          | DEBUG    | Loaded device specification: RazerBlackWidowXChromaTournamentEdition - (1532:021A)
2017-09-11 06:42:29 | razer                          | DEBUG    | Loaded device specification: RazerBlackWidowXUltimate ---------------- (1532:0217)
2017-09-11 06:42:29 | razer                          | DEBUG    | Loaded device specification: RazerBladeLate2016 ---------------------- (1532:0224)
2017-09-11 06:42:29 | razer                          | DEBUG    | Loaded device specification: RazerBladeProLate2016 ------------------- (1532:0210)
2017-09-11 06:42:29 | razer                          | DEBUG    | Loaded device specification: RazerBladeQHD --------------------------- (1532:020F)
2017-09-11 06:42:29 | razer                          | DEBUG    | Loaded device specification: RazerBladeStealth ----------------------- (1532:0205)
2017-09-11 06:42:29 | razer                          | DEBUG    | Loaded device specification: RazerBladeStealthLate2016 --------------- (1532:0220)
2017-09-11 06:42:29 | razer                          | DEBUG    | Loaded device specification: RazerBladeStealthMid2017 ---------------- (1532:022D)
2017-09-11 06:42:29 | razer                          | DEBUG    | Loaded device specification: RazerChromaMugHolder -------------------- (1532:0F07)
2017-09-11 06:42:29 | razer                          | DEBUG    | Loaded device specification: RazerCore ------------------------------- (1532:0215)
2017-09-11 06:42:29 | razer                          | DEBUG    | Loaded device specification: RazerDeathStalkerChroma ----------------- (1532:0204)
2017-09-11 06:42:29 | razer                          | DEBUG    | Loaded device specification: RazerDeathStalkerExpert ----------------- (1532:0202)
2017-09-11 06:42:29 | razer                          | DEBUG    | Loaded device specification: RazerDeathadderChroma ------------------- (1532:0043)
2017-09-11 06:42:29 | razer                          | DEBUG    | Loaded device specification: RazerDeathadderElite -------------------- (1532:005C)
2017-09-11 06:42:29 | razer                          | DEBUG    | Loaded device specification: RazerDiamondbackChroma ------------------ (1532:004C)
2017-09-11 06:42:29 | razer                          | DEBUG    | Loaded device specification: RazerFireFly ---------------------------- (1532:0C00)
2017-09-11 06:42:29 | razer                          | DEBUG    | Loaded device specification: RazerImperator -------------------------- (1532:002F)
2017-09-11 06:42:29 | razer                          | DEBUG    | Loaded device specification: RazerKraken ----------------------------- (1532:0504)
2017-09-11 06:42:29 | razer                          | DEBUG    | Loaded device specification: RazerKrakenClassic ---------------------- (1532:0501)
2017-09-11 06:42:29 | razer                          | DEBUG    | Loaded device specification: RazerKrakenV2 --------------------------- (1532:0510)
2017-09-11 06:42:29 | razer                          | DEBUG    | Loaded device specification: RazerMamba2012Wired --------------------- (1532:0024)
2017-09-11 06:42:29 | razer                          | DEBUG    | Loaded device specification: RazerMamba2012Wireless ------------------ (1532:0025)
2017-09-11 06:42:29 | razer                          | DEBUG    | Loaded device specification: RazerMambaChromaTE ---------------------- (1532:0046)
2017-09-11 06:42:29 | razer                          | DEBUG    | Loaded device specification: RazerMambaChromaWired ------------------- (1532:0044)
2017-09-11 06:42:29 | razer                          | DEBUG    | Loaded device specification: RazerMambaChromaWireless ---------------- (1532:0045)
2017-09-11 06:42:29 | razer                          | DEBUG    | Loaded device specification: RazerNaga2014 --------------------------- (1532:0040)
2017-09-11 06:42:29 | razer                          | DEBUG    | Loaded device specification: RazerNagaChroma ------------------------- (1532:0053)
2017-09-11 06:42:29 | razer                          | DEBUG    | Loaded device specification: RazerNagaHex ---------------------------- (1532:0041)
2017-09-11 06:42:29 | razer                          | DEBUG    | Loaded device specification: RazerNagaHexRed ------------------------- (1532:0036)
2017-09-11 06:42:29 | razer                          | DEBUG    | Loaded device specification: RazerNagaHexV2 -------------------------- (1532:0050)
2017-09-11 06:42:29 | razer                          | DEBUG    | Loaded device specification: RazerNostromo --------------------------- (1532:0111)
2017-09-11 06:42:29 | razer                          | DEBUG    | Loaded device specification: RazerOrbweaver -------------------------- (1532:0113)
2017-09-11 06:42:29 | razer                          | DEBUG    | Loaded device specification: RazerOrbweaverChroma -------------------- (1532:0207)
2017-09-11 06:42:29 | razer                          | DEBUG    | Loaded device specification: RazerOrnata ----------------------------- (1532:021F)
2017-09-11 06:42:29 | razer                          | DEBUG    | Loaded device specification: RazerOrnataChroma ----------------------- (1532:021E)
2017-09-11 06:42:29 | razer                          | DEBUG    | Loaded device specification: RazerOrochi2011 ------------------------- (1532:0013)
2017-09-11 06:42:29 | razer                          | DEBUG    | Loaded device specification: RazerOrochi2013 ------------------------- (1532:0039)
2017-09-11 06:42:29 | razer                          | DEBUG    | Loaded device specification: RazerOrochiWired ------------------------ (1532:0048)
2017-09-11 06:42:29 | razer                          | DEBUG    | Loaded device specification: RazerOuroboros -------------------------- (1532:0032)
2017-09-11 06:42:29 | razer                          | DEBUG    | Loaded device specification: RazerTaipan ----------------------------- (1532:0034)
2017-09-11 06:42:29 | razer                          | DEBUG    | Loaded device specification: RazerTartarus --------------------------- (1532:0201)
2017-09-11 06:42:29 | razer                          | DEBUG    | Loaded device specification: RazerTartarusChroma --------------------- (1532:0208)
2017-09-11 06:42:29 | razer                          | INFO     | Adding razer.devices.getDevices method to DBus
2017-09-11 06:42:29 | razer                          | INFO     | Adding razer.daemon.supportedDevices method to DBus
2017-09-11 06:42:29 | razer                          | INFO     | Adding razer.devices.enableTurnOffOnScreensaver method to DBus
2017-09-11 06:42:29 | razer                          | INFO     | Adding razer.devices.syncEffects method to DBus
2017-09-11 06:42:29 | razer                          | INFO     | Adding razer.devices.syncEffects method to DBus
2017-09-11 06:42:29 | razer                          | INFO     | Adding razer.devices.syncEffects method to DBus
2017-09-11 06:42:29 | razer                          | INFO     | Adding razer.daemon.version method to DBus
2017-09-11 06:42:29 | razer                          | INFO     | Adding razer.daemon.stop method to DBus
2017-09-11 06:42:29 | razer                          | INFO     | Serving DBus
2017-09-11 07:05:44 | razer                          | DEBUG    | Device event [remove]: /devices/pci0000:00/0000:00:14.0/usb1/1-2/1-2:1.0/0003:1050:0407.000A
2017-09-11 07:05:44 | razer                          | DEBUG    | Device event [add]: /devices/pci0000:00/0000:00:14.0/usb1/1-2/1-2:1.0/0003:1050:0407.000B
2017-09-11 07:10:59 | razer                          | DEBUG    | Device event [remove]: /devices/pci0000:00/0000:00:14.0/usb1/1-2/1-2:1.0/0003:1050:0407.000B
2017-09-11 07:10:59 | razer                          | DEBUG    | Device event [add]: /devices/pci0000:00/0000:00:14.0/usb1/1-2/1-2:1.0/0003:1050:0407.000C
2017-09-11 11:27:07 | razer                          | DEBUG    | Device event [remove]: /devices/pci0000:00/0000:00:14.0/usb1/1-2/1-2:1.0/0003:1050:0407.000C
2017-09-11 11:27:07 | razer                          | DEBUG    | Device event [add]: /devices/pci0000:00/0000:00:14.0/usb1/1-2/1-2:1.0/0003:1050:0407.000D
2017-09-11 12:29:23 | razer                          | DEBUG    | Device event [remove]: /devices/pci0000:00/0000:00:14.0/usb1/1-2/1-2:1.0/0003:1050:0407.000D
2017-09-11 12:29:23 | razer                          | DEBUG    | Device event [add]: /devices/pci0000:00/0000:00:14.0/usb1/1-2/1-2:1.0/0003:1050:0407.000E
2017-09-11 12:30:21 | razer                          | DEBUG    | Device event [remove]: /devices/pci0000:00/0000:00:14.0/usb1/1-2/1-2:1.0/0003:1050:0407.000E
2017-09-11 12:30:21 | razer                          | DEBUG    | Device event [remove]: /devices/pci0000:00/0000:00:14.0/usb1/1-2/1-2:1.1/0003:1050:0407.0009
2017-09-11 20:21:44 | razer                          | DEBUG    | Device event [add]: /devices/pci0000:00/0000:00:14.0/usb1/1-2/1-2:1.0/0003:1050:0407.000F
2017-09-11 20:21:44 | razer                          | DEBUG    | Device event [add]: /devices/pci0000:00/0000:00:14.0/usb1/1-2/1-2:1.1/0003:1050:0407.0010
2017-09-11 20:21:45 | razer                          | DEBUG    | Device event [remove]: /devices/pci0000:00/0000:00:14.0/usb1/1-2/1-2:1.0/0003:1050:0407.000F
2017-09-11 20:21:45 | razer                          | DEBUG    | Device event [add]: /devices/pci0000:00/0000:00:14.0/usb1/1-2/1-2:1.0/0003:1050:0407.0011
2017-09-11 20:24:21 | razer                          | DEBUG    | Device event [remove]: /devices/pci0000:00/0000:00:14.0/usb1/1-2/1-2:1.0/0003:1050:0407.0011
2017-09-11 20:24:21 | razer                          | DEBUG    | Device event [add]: /devices/pci0000:00/0000:00:14.0/usb1/1-2/1-2:1.0/0003:1050:0407.0012
2017-09-11 20:25:05 | razer                          | DEBUG    | Device event [remove]: /devices/pci0000:00/0000:00:14.0/usb1/1-2/1-2:1.0/0003:1050:0407.0012
2017-09-11 20:25:05 | razer                          | DEBUG    | Device event [remove]: /devices/pci0000:00/0000:00:14.0/usb1/1-2/1-2:1.1/0003:1050:0407.0010
2017-09-11 20:25:08 | razer                          | DEBUG    | Device event [add]: /devices/pci0000:00/0000:00:14.0/usb1/1-2/1-2:1.0/0003:1050:0407.0013
2017-09-11 20:25:08 | razer                          | DEBUG    | Device event [add]: /devices/pci0000:00/0000:00:14.0/usb1/1-2/1-2:1.1/0003:1050:0407.0014
2017-09-11 20:25:11 | razer                          | DEBUG    | Device event [remove]: /devices/pci0000:00/0000:00:14.0/usb1/1-2/1-2:1.0/0003:1050:0407.0013
2017-09-11 20:25:11 | razer                          | DEBUG    | Device event [add]: /devices/pci0000:00/0000:00:14.0/usb1/1-2/1-2:1.0/0003:1050:0407.0015
2017-09-11 21:39:21 | razer                          | DEBUG    | Device event [remove]: /devices/pci0000:00/0000:00:14.0/usb1/1-2/1-2:1.0/0003:1050:0407.0015
2017-09-11 21:39:21 | razer                          | DEBUG    | Device event [add]: /devices/pci0000:00/0000:00:14.0/usb1/1-2/1-2:1.0/0003:1050:0407.0016
2017-09-11 22:37:08 | razer                          | DEBUG    | Device event [remove]: /devices/pci0000:00/0000:00:14.0/usb1/1-2/1-2:1.0/0003:1050:0407.0016
2017-09-11 22:37:08 | razer                          | DEBUG    | Device event [add]: /devices/pci0000:00/0000:00:14.0/usb1/1-2/1-2:1.0/0003:1050:0407.0017
2017-09-11 22:38:55 | razer                          | DEBUG    | Device event [remove]: /devices/pci0000:00/0000:00:14.0/usb1/1-2/1-2:1.0/0003:1050:0407.0017
2017-09-11 22:38:55 | razer                          | DEBUG    | Device event [add]: /devices/pci0000:00/0000:00:14.0/usb1/1-2/1-2:1.0/0003:1050:0407.0018
2017-09-11 22:40:43 | razer                          | DEBUG    | Device event [remove]: /devices/pci0000:00/0000:00:14.0/usb1/1-2/1-2:1.0/0003:1050:0407.0018
2017-09-11 22:40:43 | razer                          | DEBUG    | Device event [remove]: /devices/pci0000:00/0000:00:14.0/usb1/1-2/1-2:1.1/0003:1050:0407.0014
2017-09-13 06:32:18 | razer                          | DEBUG    | Device event [add]: /devices/pci0000:00/0000:00:14.0/usb1/1-2/1-2:1.0/0003:1050:0407.0019
2017-09-13 06:32:18 | razer                          | DEBUG    | Device event [add]: /devices/pci0000:00/0000:00:14.0/usb1/1-2/1-2:1.1/0003:1050:0407.001A
2017-09-13 06:32:19 | razer                          | DEBUG    | Device event [remove]: /devices/pci0000:00/0000:00:14.0/usb1/1-2/1-2:1.0/0003:1050:0407.0019
2017-09-13 06:32:20 | razer                          | DEBUG    | Device event [add]: /devices/pci0000:00/0000:00:14.0/usb1/1-2/1-2:1.0/0003:1050:0407.001B
2017-09-16 22:40:00 | razer                          | INFO     | Initialising Daemon (v1.1.16). Pid: 4348
2017-09-16 22:40:00 | razer.screensaver              | INFO     | Initialising DBus Screensaver Monitor
2017-09-16 22:40:00 | razer                          | DEBUG    | Loaded device specification: RazerAbyssus ---------------------------- (1532:0042)
2017-09-16 22:40:00 | razer                          | DEBUG    | Loaded device specification: RazerAbyssusV2 -------------------------- (1532:005B)
2017-09-16 22:40:00 | razer                          | DEBUG    | Loaded device specification: RazerAnansi ----------------------------- (1532:010F)
2017-09-16 22:40:00 | razer                          | DEBUG    | Loaded device specification: RazerBlackWidow2012 --------------------- (1532:010D)
2017-09-16 22:40:00 | razer                          | DEBUG    | Loaded device specification: RazerBlackWidow2013 --------------------- (1532:011A)
2017-09-16 22:40:00 | razer                          | DEBUG    | Loaded device specification: RazerBlackWidow2016 --------------------- (1532:0214)
2017-09-16 22:40:00 | razer                          | DEBUG    | Loaded device specification: RazerBlackWidowChroma ------------------- (1532:0203)
2017-09-16 22:40:00 | razer                          | DEBUG    | Loaded device specification: RazerBlackWidowChromaOverwatch ---------- (1532:0211)
2017-09-16 22:40:00 | razer                          | DEBUG    | Loaded device specification: RazerBlackWidowChromaTournamentEdition -- (1532:0209)
2017-09-16 22:40:00 | razer                          | DEBUG    | Loaded device specification: RazerBlackWidowChromaV2 ----------------- (1532:0221)
2017-09-16 22:40:00 | razer                          | DEBUG    | Loaded device specification: RazerBlackWidowClassic ------------------ (1532:011B)
2017-09-16 22:40:00 | razer                          | DEBUG    | Loaded device specification: RazerBlackWidowClassicAlternate --------- (1532:010E)
2017-09-16 22:40:00 | razer                          | DEBUG    | Loaded device specification: RazerBlackWidowXChroma ------------------ (1532:0216)
2017-09-16 22:40:00 | razer                          | DEBUG    | Loaded device specification: RazerBlackWidowXChromaTournamentEdition - (1532:021A)
2017-09-16 22:40:00 | razer                          | DEBUG    | Loaded device specification: RazerBlackWidowXUltimate ---------------- (1532:0217)
2017-09-16 22:40:00 | razer                          | DEBUG    | Loaded device specification: RazerBladeLate2016 ---------------------- (1532:0224)
2017-09-16 22:40:00 | razer                          | DEBUG    | Loaded device specification: RazerBladeProLate2016 ------------------- (1532:0210)
2017-09-16 22:40:00 | razer                          | DEBUG    | Loaded device specification: RazerBladeQHD --------------------------- (1532:020F)
2017-09-16 22:40:00 | razer                          | DEBUG    | Loaded device specification: RazerBladeStealth ----------------------- (1532:0205)
2017-09-16 22:40:00 | razer                          | DEBUG    | Loaded device specification: RazerBladeStealthLate2016 --------------- (1532:0220)
2017-09-16 22:40:00 | razer                          | DEBUG    | Loaded device specification: RazerBladeStealthMid2017 ---------------- (1532:022D)
2017-09-16 22:40:00 | razer                          | DEBUG    | Loaded device specification: RazerChromaMugHolder -------------------- (1532:0F07)
2017-09-16 22:40:00 | razer                          | DEBUG    | Loaded device specification: RazerCore ------------------------------- (1532:0215)
2017-09-16 22:40:00 | razer                          | DEBUG    | Loaded device specification: RazerDeathStalkerChroma ----------------- (1532:0204)
2017-09-16 22:40:00 | razer                          | DEBUG    | Loaded device specification: RazerDeathStalkerExpert ----------------- (1532:0202)
2017-09-16 22:40:00 | razer                          | DEBUG    | Loaded device specification: RazerDeathadderChroma ------------------- (1532:0043)
2017-09-16 22:40:00 | razer                          | DEBUG    | Loaded device specification: RazerDeathadderElite -------------------- (1532:005C)
2017-09-16 22:40:00 | razer                          | DEBUG    | Loaded device specification: RazerDiamondbackChroma ------------------ (1532:004C)
2017-09-16 22:40:00 | razer                          | DEBUG    | Loaded device specification: RazerFireFly ---------------------------- (1532:0C00)
2017-09-16 22:40:00 | razer                          | DEBUG    | Loaded device specification: RazerImperator -------------------------- (1532:002F)
2017-09-16 22:40:00 | razer                          | DEBUG    | Loaded device specification: RazerKraken ----------------------------- (1532:0504)
2017-09-16 22:40:00 | razer                          | DEBUG    | Loaded device specification: RazerKrakenClassic ---------------------- (1532:0501)
2017-09-16 22:40:00 | razer                          | DEBUG    | Loaded device specification: RazerKrakenV2 --------------------------- (1532:0510)
2017-09-16 22:40:00 | razer                          | DEBUG    | Loaded device specification: RazerMamba2012Wired --------------------- (1532:0024)
2017-09-16 22:40:00 | razer                          | DEBUG    | Loaded device specification: RazerMamba2012Wireless ------------------ (1532:0025)
2017-09-16 22:40:00 | razer                          | DEBUG    | Loaded device specification: RazerMambaChromaTE ---------------------- (1532:0046)
2017-09-16 22:40:00 | razer                          | DEBUG    | Loaded device specification: RazerMambaChromaWired ------------------- (1532:0044)
2017-09-16 22:40:00 | razer                          | DEBUG    | Loaded device specification: RazerMambaChromaWireless ---------------- (1532:0045)
2017-09-16 22:40:00 | razer                          | DEBUG    | Loaded device specification: RazerNaga2014 --------------------------- (1532:0040)
2017-09-16 22:40:00 | razer                          | DEBUG    | Loaded device specification: RazerNagaChroma ------------------------- (1532:0053)
2017-09-16 22:40:00 | razer                          | DEBUG    | Loaded device specification: RazerNagaHex ---------------------------- (1532:0041)
2017-09-16 22:40:00 | razer                          | DEBUG    | Loaded device specification: RazerNagaHexRed ------------------------- (1532:0036)
2017-09-16 22:40:00 | razer                          | DEBUG    | Loaded device specification: RazerNagaHexV2 -------------------------- (1532:0050)
2017-09-16 22:40:00 | razer                          | DEBUG    | Loaded device specification: RazerNostromo --------------------------- (1532:0111)
2017-09-16 22:40:00 | razer                          | DEBUG    | Loaded device specification: RazerOrbweaver -------------------------- (1532:0113)
2017-09-16 22:40:00 | razer                          | DEBUG    | Loaded device specification: RazerOrbweaverChroma -------------------- (1532:0207)
2017-09-16 22:40:00 | razer                          | DEBUG    | Loaded device specification: RazerOrnata ----------------------------- (1532:021F)
2017-09-16 22:40:00 | razer                          | DEBUG    | Loaded device specification: RazerOrnataChroma ----------------------- (1532:021E)
2017-09-16 22:40:00 | razer                          | DEBUG    | Loaded device specification: RazerOrochi2011 ------------------------- (1532:0013)
2017-09-16 22:40:00 | razer                          | DEBUG    | Loaded device specification: RazerOrochi2013 ------------------------- (1532:0039)
2017-09-16 22:40:00 | razer                          | DEBUG    | Loaded device specification: RazerOrochiWired ------------------------ (1532:0048)
2017-09-16 22:40:00 | razer                          | DEBUG    | Loaded device specification: RazerOuroboros -------------------------- (1532:0032)
2017-09-16 22:40:00 | razer                          | DEBUG    | Loaded device specification: RazerTaipan ----------------------------- (1532:0034)
2017-09-16 22:40:00 | razer                          | DEBUG    | Loaded device specification: RazerTartarus --------------------------- (1532:0201)
2017-09-16 22:40:00 | razer                          | DEBUG    | Loaded device specification: RazerTartarusChroma --------------------- (1532:0208)
2017-09-16 22:40:00 | razer                          | INFO     | Adding razer.devices.getDevices method to DBus
2017-09-16 22:40:00 | razer                          | INFO     | Adding razer.daemon.supportedDevices method to DBus
2017-09-16 22:40:00 | razer                          | INFO     | Adding razer.devices.enableTurnOffOnScreensaver method to DBus
2017-09-16 22:40:00 | razer                          | INFO     | Adding razer.devices.syncEffects method to DBus
2017-09-16 22:40:00 | razer                          | INFO     | Adding razer.devices.syncEffects method to DBus
2017-09-16 22:40:00 | razer                          | INFO     | Adding razer.devices.syncEffects method to DBus
2017-09-16 22:40:00 | razer                          | INFO     | Adding razer.daemon.version method to DBus
2017-09-16 22:40:00 | razer                          | INFO     | Adding razer.daemon.stop method to DBus
2017-09-16 22:40:00 | razer                          | INFO     | Serving DBus
2017-09-16 23:03:56 | razer                          | DEBUG    | Device event [remove]: /devices/pci0000:00/0000:00:14.0/usb1/1-2/1-2:1.0/0003:1050:0407.0004
2017-09-16 23:03:56 | razer                          | DEBUG    | Device event [add]: /devices/pci0000:00/0000:00:14.0/usb1/1-2/1-2:1.0/0003:1050:0407.0005
2017-09-16 23:25:58 | razer                          | INFO     | Stopping daemon on signal 15
2017-09-21 15:27:12 | razer                          | INFO     | Initialising Daemon (v1.1.16). Pid: 11280
2017-09-21 15:27:12 | razer.screensaver              | INFO     | Initialising DBus Screensaver Monitor
2017-09-21 15:27:12 | razer                          | DEBUG    | Loaded device specification: RazerAbyssus ---------------------------- (1532:0042)
2017-09-21 15:27:12 | razer                          | DEBUG    | Loaded device specification: RazerAbyssusV2 -------------------------- (1532:005B)
2017-09-21 15:27:12 | razer                          | DEBUG    | Loaded device specification: RazerAnansi ----------------------------- (1532:010F)
2017-09-21 15:27:12 | razer                          | DEBUG    | Loaded device specification: RazerBlackWidow2012 --------------------- (1532:010D)
2017-09-21 15:27:12 | razer                          | DEBUG    | Loaded device specification: RazerBlackWidow2013 --------------------- (1532:011A)
2017-09-21 15:27:12 | razer                          | DEBUG    | Loaded device specification: RazerBlackWidow2016 --------------------- (1532:0214)
2017-09-21 15:27:12 | razer                          | DEBUG    | Loaded device specification: RazerBlackWidowChroma ------------------- (1532:0203)
2017-09-21 15:27:12 | razer                          | DEBUG    | Loaded device specification: RazerBlackWidowChromaOverwatch ---------- (1532:0211)
2017-09-21 15:27:12 | razer                          | DEBUG    | Loaded device specification: RazerBlackWidowChromaTournamentEdition -- (1532:0209)
2017-09-21 15:27:12 | razer                          | DEBUG    | Loaded device specification: RazerBlackWidowChromaV2 ----------------- (1532:0221)
2017-09-21 15:27:12 | razer                          | DEBUG    | Loaded device specification: RazerBlackWidowClassic ------------------ (1532:011B)
2017-09-21 15:27:12 | razer                          | DEBUG    | Loaded device specification: RazerBlackWidowClassicAlternate --------- (1532:010E)
2017-09-21 15:27:12 | razer                          | DEBUG    | Loaded device specification: RazerBlackWidowXChroma ------------------ (1532:0216)
2017-09-21 15:27:12 | razer                          | DEBUG    | Loaded device specification: RazerBlackWidowXChromaTournamentEdition - (1532:021A)
2017-09-21 15:27:12 | razer                          | DEBUG    | Loaded device specification: RazerBlackWidowXUltimate ---------------- (1532:0217)
2017-09-21 15:27:12 | razer                          | DEBUG    | Loaded device specification: RazerBladeLate2016 ---------------------- (1532:0224)
2017-09-21 15:27:12 | razer                          | DEBUG    | Loaded device specification: RazerBladeProLate2016 ------------------- (1532:0210)
2017-09-21 15:27:12 | razer                          | DEBUG    | Loaded device specification: RazerBladeQHD --------------------------- (1532:020F)
2017-09-21 15:27:12 | razer                          | DEBUG    | Loaded device specification: RazerBladeStealth ----------------------- (1532:0205)
2017-09-21 15:27:12 | razer                          | DEBUG    | Loaded device specification: RazerBladeStealthLate2016 --------------- (1532:0220)
2017-09-21 15:27:12 | razer                          | DEBUG    | Loaded device specification: RazerBladeStealthMid2017 ---------------- (1532:022D)
2017-09-21 15:27:12 | razer                          | DEBUG    | Loaded device specification: RazerChromaMugHolder -------------------- (1532:0F07)
2017-09-21 15:27:12 | razer                          | DEBUG    | Loaded device specification: RazerCore ------------------------------- (1532:0215)
2017-09-21 15:27:12 | razer                          | DEBUG    | Loaded device specification: RazerDeathStalkerChroma ----------------- (1532:0204)
2017-09-21 15:27:12 | razer                          | DEBUG    | Loaded device specification: RazerDeathStalkerExpert ----------------- (1532:0202)
2017-09-21 15:27:12 | razer                          | DEBUG    | Loaded device specification: RazerDeathadderChroma ------------------- (1532:0043)
2017-09-21 15:27:12 | razer                          | DEBUG    | Loaded device specification: RazerDeathadderElite -------------------- (1532:005C)
2017-09-21 15:27:12 | razer                          | DEBUG    | Loaded device specification: RazerDiamondbackChroma ------------------ (1532:004C)
2017-09-21 15:27:12 | razer                          | DEBUG    | Loaded device specification: RazerFireFly ---------------------------- (1532:0C00)
2017-09-21 15:27:12 | razer                          | DEBUG    | Loaded device specification: RazerImperator -------------------------- (1532:002F)
2017-09-21 15:27:12 | razer                          | DEBUG    | Loaded device specification: RazerKraken ----------------------------- (1532:0504)
2017-09-21 15:27:12 | razer                          | DEBUG    | Loaded device specification: RazerKrakenClassic ---------------------- (1532:0501)
2017-09-21 15:27:12 | razer                          | DEBUG    | Loaded device specification: RazerKrakenV2 --------------------------- (1532:0510)
2017-09-21 15:27:12 | razer                          | DEBUG    | Loaded device specification: RazerMamba2012Wired --------------------- (1532:0024)
2017-09-21 15:27:12 | razer                          | DEBUG    | Loaded device specification: RazerMamba2012Wireless ------------------ (1532:0025)
2017-09-21 15:27:12 | razer                          | DEBUG    | Loaded device specification: RazerMambaChromaTE ---------------------- (1532:0046)
2017-09-21 15:27:12 | razer                          | DEBUG    | Loaded device specification: RazerMambaChromaWired ------------------- (1532:0044)
2017-09-21 15:27:12 | razer                          | DEBUG    | Loaded device specification: RazerMambaChromaWireless ---------------- (1532:0045)
2017-09-21 15:27:12 | razer                          | DEBUG    | Loaded device specification: RazerNaga2014 --------------------------- (1532:0040)
2017-09-21 15:27:12 | razer                          | DEBUG    | Loaded device specification: RazerNagaChroma ------------------------- (1532:0053)
2017-09-21 15:27:12 | razer                          | DEBUG    | Loaded device specification: RazerNagaHex ---------------------------- (1532:0041)
2017-09-21 15:27:12 | razer                          | DEBUG    | Loaded device specification: RazerNagaHexRed ------------------------- (1532:0036)
2017-09-21 15:27:12 | razer                          | DEBUG    | Loaded device specification: RazerNagaHexV2 -------------------------- (1532:0050)
2017-09-21 15:27:12 | razer                          | DEBUG    | Loaded device specification: RazerNostromo --------------------------- (1532:0111)
2017-09-21 15:27:12 | razer                          | DEBUG    | Loaded device specification: RazerOrbweaver -------------------------- (1532:0113)
2017-09-21 15:27:12 | razer                          | DEBUG    | Loaded device specification: RazerOrbweaverChroma -------------------- (1532:0207)
2017-09-21 15:27:12 | razer                          | DEBUG    | Loaded device specification: RazerOrnata ----------------------------- (1532:021F)
2017-09-21 15:27:12 | razer                          | DEBUG    | Loaded device specification: RazerOrnataChroma ----------------------- (1532:021E)
2017-09-21 15:27:12 | razer                          | DEBUG    | Loaded device specification: RazerOrochi2011 ------------------------- (1532:0013)
2017-09-21 15:27:12 | razer                          | DEBUG    | Loaded device specification: RazerOrochi2013 ------------------------- (1532:0039)
2017-09-21 15:27:12 | razer                          | DEBUG    | Loaded device specification: RazerOrochiWired ------------------------ (1532:0048)
2017-09-21 15:27:12 | razer                          | DEBUG    | Loaded device specification: RazerOuroboros -------------------------- (1532:0032)
2017-09-21 15:27:12 | razer                          | DEBUG    | Loaded device specification: RazerTaipan ----------------------------- (1532:0034)
2017-09-21 15:27:12 | razer                          | DEBUG    | Loaded device specification: RazerTartarus --------------------------- (1532:0201)
2017-09-21 15:27:12 | razer                          | DEBUG    | Loaded device specification: RazerTartarusChroma --------------------- (1532:0208)
2017-09-21 15:27:12 | razer                          | INFO     | Adding razer.devices.getDevices method to DBus
2017-09-21 15:27:12 | razer                          | INFO     | Adding razer.daemon.supportedDevices method to DBus
2017-09-21 15:27:12 | razer                          | INFO     | Adding razer.devices.enableTurnOffOnScreensaver method to DBus
2017-09-21 15:27:12 | razer                          | INFO     | Adding razer.devices.syncEffects method to DBus
2017-09-21 15:27:12 | razer                          | INFO     | Adding razer.devices.syncEffects method to DBus
2017-09-21 15:27:12 | razer                          | INFO     | Adding razer.devices.syncEffects method to DBus
2017-09-21 15:27:12 | razer                          | INFO     | Adding razer.daemon.version method to DBus
2017-09-21 15:27:12 | razer                          | INFO     | Adding razer.daemon.stop method to DBus
2017-09-21 15:27:12 | razer                          | INFO     | Serving DBus
2017-09-21 15:39:27 | razer                          | DEBUG    | Device event [remove]: /devices/pci0000:00/0000:00:14.0/usb1/1-2/1-2:1.0/0003:1050:0407.0004
2017-09-21 15:39:27 | razer                          | DEBUG    | Device event [add]: /devices/pci0000:00/0000:00:14.0/usb1/1-2/1-2:1.0/0003:1050:0407.0005
2017-09-21 16:03:18 | razer                          | DEBUG    | Device event [remove]: /devices/pci0000:00/0000:00:14.0/usb1/1-2/1-2:1.0/0003:1050:0407.0005
2017-09-21 16:03:18 | razer                          | DEBUG    | Device event [add]: /devices/pci0000:00/0000:00:14.0/usb1/1-2/1-2:1.0/0003:1050:0407.0006
2017-09-21 16:12:06 | razer                          | DEBUG    | Device event [remove]: /devices/pci0000:00/0000:00:14.0/usb1/1-2/1-2:1.0/0003:1050:0407.0006
2017-09-21 16:12:06 | razer                          | DEBUG    | Device event [add]: /devices/pci0000:00/0000:00:14.0/usb1/1-2/1-2:1.0/0003:1050:0407.0007
